0 2 3 0 0 0 0 0 0 0 0
0.10000000000000001 2 3 0.0 0.0 0 0 0 0 0 0
0.20000000000000001 2 3 0.0 0.0 1 1 0 40 40 0
0.30000000000000004 2 3 0.0 0.0 1 1 0 40 40 0
0.40000000000000002 2 3 0.0 0.0 1 1 0 40 40 0
0.5 2 3 0.0 0.0 1 1 0 40 40 0
0.59999999999999998 2 3 0.0 0.0 1 1 0 40 40 0
0.69999999999999996 2 3 0.0 0.0 1 1 0 40 40 0
0.79999999999999993 2 3 0.0 0.0 1 1 0 40 40 0
0.89999999999999991 2 3 0.0 0.0 1 1 0 40 40 0
0.99999999999999989 2 3 0.0 0.0 1 1 0 40 40 0
1.0999999999999999 2 3 0.0 0.0 1 1 0 40 40 0
1.2 2 3 0.0 0.0 1 1 0 40 40 0
1.3 2 3 0.0 0.0 1 1 0 40 40 0
1.4000000000000001 2 3 0.0 0.0 1 1 0 40 40 0
1.5000000000000002 2 3 0.0 0.0 1 1 0 40 40 0
1.6000000000000003 2 3 0.0 0.0 1 1 0 40 40 0
1.7000000000000004 2 3 0.0 0.0 1 1 0 40 40 0
1.8000000000000005 2 3 0.0 0.0 1 1 0 40 40 0
1.9000000000000006 2 3 0.0 0.0 1 1 0 40 40 0
2.0000000000000004 2 3 0.0 0.0 1 1 0 40 40 0
2.1000000000000005 2 3 0.0 0.0 1 1 0 40 40 0
2.2000000000000006 2 3 0.0 0.0 1 1 0 40 40 0
2.3000000000000007 2 3 0.0 0.0 1 1 0 40 40 0
2.4000000000000008 2 3 0.0 0.0 1 1 0 40 40 0
2.5000000000000009 2 3 79.438506666665418 0.13418666666666457 3 3 0 1224 1224 0
2.600000000000001 2 3 0.0 0.0 3 3 0 1224 1224 0
2.7000000000000011 2 3 0.0 0.0 3 3 0 1224 1224 0
2.8000000000000012 2 3 0.0 0.0 3 3 0 1224 1224 0
2.9000000000000012 2 3 0.0 0.0 3 3 0 1224 1224 0
3.0000000000000013 2 3 0.0 0.0 3 3 0 1224 1224 0
3.1000000000000014 2 3 0.0 0.0 3 3 0 1224 1224 0
3.2000000000000015 2 3 0.0 0.0 3 3 0 1224 1224 0
3.3000000000000016 2 3 0.0 0.0 3 3 0 1224 1224 0
3.4000000000000017 2 3 0.0 0.0 3 3 0 1224 1224 0
3.5000000000000018 2 3 0.0 0.0 3 3 0 1224 1224 0
3.6000000000000019 2 3 0.0 0.0 3 3 0 1224 1224 0
3.700000000000002 2 3 0.0 0.0 3 3 0 1224 1224 0
3.800000000000002 2 3 0.0 0.0 3 3 0 1224 1224 0
3.9000000000000021 2 3 0.0 0.0 3 3 0 1224 1224 0
4.0000000000000018 2 3 0.0 0.0 3 3 0 1224 1224 0
4.1000000000000014 2 3 0.0 0.0 3 3 0 1224 1224 0
4.2000000000000011 2 3 0.0 0.0 3 3 0 1224 1224 0
4.3000000000000007 2 3 0.0 0.0 3 3 0 1224 1224 0
4.4000000000000004 2 3 0.0 0.0 3 3 0 1224 1224 0
4.5 2 3 0.0 0.0 3 3 0 1224 1224 0
4.5999999999999996 2 3 0.0 0.0 3 3 0 1224 1224 0
4.6999999999999993 2 3 0.0 0.0 3 3 0 1224 1224 0
4.7999999999999989 2 3 345.79114666668073 0.58410666666669042 7 7 0 3592 3592 0
4.8999999999999986 2 3 0.0 0.0 7 7 0 3592 3592 0
4.9999999999999982 2 3 0.0 0.0 7 7 0 3592 3592 0
5.0999999999999979 2 3 0.0 0.0 7 7 0 3592 3592 0
5.1999999999999975 2 3 0.0 0.0 7 7 0 3592 3592 0
5.2999999999999972 2 3 0.0 0.0 7 7 0 3592 3592 0
5.3999999999999968 2 3 0.0 0.0 7 7 0 3592 3592 0
5.4999999999999964 2 3 0.0 0.0 7 7 0 3592 3592 0
5.5999999999999961 2 3 0.0 0.0 7 7 0 3592 3592 0
5.6999999999999957 2 3 0.0 0.0 7 7 0 3592 3592 0
5.7999999999999954 2 3 0.0 0.0 7 7 0 3592 3592 0
5.899999999999995 2 3 0.0 0.0 7 7 0 3592 3592 0
5.9999999999999947 2 3 0.0 0.0 7 7 0 3592 3592 0
6.0999999999999943 2 3 0.0 0.0 7 7 0 3592 3592 0
6.199999999999994 2 3 0.0 0.0 7 7 0 3592 3592 0
6.2999999999999936 2 3 0.0 0.0 7 7 0 3592 3592 0
6.3999999999999932 2 3 0.0 0.0 7 7 0 3592 3592 0
6.4999999999999929 2 3 0.0 0.0 7 7 0 3592 3592 0
6.5999999999999925 2 3 0.0 0.0 7 7 0 3592 3592 0
6.6999999999999922 2 3 0.0 0.0 7 7 0 3592 3592 0
6.7999999999999918 2 3 0.0 0.0 7 7 0 3592 3592 0
6.8999999999999915 2 3 0.0 0.0 7 7 0 3592 3592 0
6.9999999999999911 2 3 0.0 0.0 7 7 0 3592 3592 0
7.0999999999999908 2 3 173.46389333323577 0.29301333333316854 11 9 0 5960 4776 0
7.1999999999999904 2 3 1265.7749333334802 2.1381333333335815 15 15 0 8328 8328 0
7.2999999999999901 2 3 0.0 0.0 15 15 0 8328 8328 0
7.3999999999999897 2 3 0.0 0.0 15 15 0 8328 8328 0
7.4999999999999893 2 3 0.0 0.0 15 15 0 8328 8328 0
7.599999999999989 2 3 0.0 0.0 15 15 0 8328 8328 0
7.6999999999999886 2 3 0.0 0.0 15 15 0 8328 8328 0
7.7999999999999883 2 3 0.0 0.0 15 15 0 8328 8328 0
7.8999999999999879 2 3 0.0 0.0 15 15 0 8328 8328 0
7.9999999999999876 2 3 0.0 0.0 15 15 0 8328 8328 0
8.0999999999999872 2 3 0.0 0.0 15 15 0 8328 8328 0
8.1999999999999869 2 3 0.0 0.0 15 15 0 8328 8328 0
8.2999999999999865 2 3 0.0 0.0 15 15 0 8328 8328 0
8.3999999999999861 2 3 0.0 0.0 15 15 0 8328 8328 0
8.4999999999999858 2 3 0.0 0.0 15 15 0 8328 8328 0
8.5999999999999854 2 3 0.0 0.0 15 15 0 8328 8328 0
8.6999999999999851 2 3 0.0 0.0 15 15 0 8328 8328 0
8.7999999999999847 2 3 0.0 0.0 15 15 0 8328 8328 0
8.8999999999999844 2 3 0.0 0.0 15 15 0 8328 8328 0
8.999999999999984 2 3 0.0 0.0 15 15 0 8328 8328 0
9.0999999999999837 2 3 0.0 0.0 15 15 0 8328 8328 0
9.1999999999999833 2 3 0.0 0.0 15 15 0 8328 8328 0
9.2999999999999829 2 3 0.0 0.0 15 15 0 8328 8328 0
9.3999999999999826 2 3 0.0 0.0 15 15 0 8328 8328 0
9.4999999999999822 2 3 1903.303679999339 3.2150399999988837 28 22 0 16024 12472 0
9.5999999999999819 2 3 3511.2388266670573 5.9311466666673276 31 28 0 17800 16024 0
9.6999999999999815 2 3 454.5612800004115 0.76784000000069519 31 31 0 17800 17800 0
9.7999999999999812 2 3 0.0 0.0 31 31 0 17800 17800 0
9.8999999999999808 2 3 0.0 0.0 31 31 0 17800 17800 0
9.9999999999999805 2 3 0.0 0.0 31 31 0 17800 17800 0
10.09999999999998 2 3 0.0 0.0 31 31 0 17800 17800 0
10.19999999999998 2 3 0.0 0.0 31 31 0 17800 17800 0
10.299999999999979 2 3 0.0 0.0 31 31 0 17800 17800 0
10.399999999999979 2 3 0.0 0.0 31 31 0 17800 17800 0
10.499999999999979 2 3 0.0 0.0 31 31 0 17800 17800 0
10.599999999999978 2 3 0.0 0.0 31 31 0 17800 17800 0
10.699999999999978 2 3 0.0 0.0 31 31 0 17800 17800 0
10.799999999999978 2 3 0.0 0.0 31 31 0 17800 17800 0
10.899999999999977 2 3 0.0 0.0 31 31 0 17800 17800 0
10.999999999999977 2 3 0.0 0.0 31 31 0 17800 17800 0
11.099999999999977 2 3 0.0 0.0 31 31 0 17800 17800 0
11.199999999999976 2 3 0.0 0.0 31 31 0 17800 17800 0
11.299999999999976 2 3 0.0 0.0 31 31 0 17800 17800 0
11.399999999999975 2 3 0.0 0.0 31 31 0 17800 17800 0
11.499999999999975 2 3 0.0 0.0 31 31 0 17800 17800 0
11.599999999999975 2 3 0.0 0.0 31 31 0 17800 17800 0
11.699999999999974 2 3 0.0 0.0 31 31 0 17800 17800 0
11.799999999999974 2 3 946.72639999920193 1.5991999999986519 41 36 0 23720 20760 0
11.899999999999974 2 3 4403.153919999314 7.4377599999988409 53 42 2 30824 24312 1184
11.999999999999973 2 3 5249.0350933335267 8.8666133333336603 63 48 7 36744 27864 4144
12.099999999999973 2 3 2656.0435200014276 4.4865600000024113 63 55 7 36744 32008 4144
12.199999999999973 2 3 76.69162666688122 0.1295466666670291 63 56 7 36744 32600 4144
12.299999999999972 2 3 0.0 0.0 63 56 7 36744 32600 4144
12.399999999999972 2 3 0.0 0.0 63 56 7 36744 32600 4144
12.499999999999972 2 3 0.0 0.0 63 56 7 36744 32600 4144
12.599999999999971 2 3 0.0 0.0 63 56 7 36744 32600 4144
12.699999999999971 2 3 0.0 0.0 63 56 7 36744 32600 4144
12.799999999999971 2 3 0.0 0.0 63 56 7 36744 32600 4144
12.89999999999997 2 3 0.0 0.0 63 56 7 36744 32600 4144
12.99999999999997 2 3 0.0 0.0 63 56 7 36744 32600 4144
13.099999999999969 2 3 0.0 0.0 63 56 7 36744 32600 4144
13.199999999999969 2 3 0.0 0.0 63 56 7 36744 32600 4144
13.299999999999969 2 3 0.0 0.0 63 56 7 36744 32600 4144
13.399999999999968 2 3 0.0 0.0 63 56 7 36744 32600 4144
13.499999999999968 2 3 0.0 0.0 63 56 7 36744 32600 4144
13.599999999999968 2 3 0.0 0.0 63 56 7 36744 32600 4144
13.699999999999967 2 3 0.0 0.0 63 56 7 36744 32600 4144
13.799999999999967 2 3 0.0 0.0 63 56 7 36744 32600 4144
13.899999999999967 2 3 0.0 0.0 63 56 7 36744 32600 4144
13.999999999999966 2 3 0.0 0.0 63 56 7 36744 32600 4144
14.099999999999966 2 3 324.6054399993767 0.54831999999894721 69 59 7 40296 34376 4144
14.199999999999966 2 3 3453.8700799986814 5.8342399999977728 81 65 7 47400 37928 4144
14.299999999999965 2 3 5328.0 9.0 93 71 13 54504 41480 7696
14.399999999999965 2 3 5328.0 9.0 104 78 17 61016 45624 10064
14.499999999999964 2 3 3564.1241600015996 6.0204800000027028 104 84 17 61016 49176 10064
14.599999999999964 2 3 379.73248000083595 0.6414400000014121 104 87 17 61016 50952 10064
14.699999999999964 2 3 0.0 0.0 104 87 17 61016 50952 10064
14.799999999999963 2 3 0.0 0.0 104 87 17 61016 50952 10064
14.899999999999963 2 3 0.0 0.0 104 87 17 61016 50952 10064
14.999999999999963 2 3 0.0 0.0 104 87 17 61016 50952 10064
15.099999999999962 2 3 0.0 0.0 104 87 17 61016 50952 10064
15.199999999999962 2 3 0.0 0.0 104 87 17 61016 50952 10064
15.299999999999962 2 3 0.0 0.0 104 87 17 61016 50952 10064
15.399999999999961 2 3 0.0 0.0 104 87 17 61016 50952 10064
15.499999999999961 2 3 0.0 0.0 104 87 17 61016 50952 10064
15.599999999999961 2 3 0.0 0.0 104 87 17 61016 50952 10064
15.69999999999996 2 3 0.0 0.0 104 87 17 61016 50952 10064
15.79999999999996 2 3 0.0 0.0 104 87 17 61016 50952 10064
15.899999999999959 2 3 0.0 0.0 104 87 17 61016 50952 10064
15.999999999999959 2 3 0.0 0.0 104 87 17 61016 50952 10064
16.099999999999959 2 3 0.0 0.0 104 87 17 61016 50952 10064
16.19999999999996 2 3 0.0 0.0 104 87 17 61016 50952 10064
16.299999999999962 2 3 0.0 0.0 104 87 17 61016 50952 10064
16.399999999999963 2 3 0.0 0.0 104 87 17 61016 50952 10064
16.499999999999964 2 3 0.0 0.0 104 87 17 61016 50952 10064
16.599999999999966 2 3 0.0 0.0 104 87 17 61016 50952 10064
16.699999999999967 2 3 0.0 0.0 104 87 17 61016 50952 10064
16.799999999999969 2 3 0.0 0.0 108 91 17 63384 53320 10064
16.89999999999997 2 3 0.0 0.0 112 95 17 65752 55688 10064
16.999999999999972 2 3 0.0 0.0 112 95 17 65752 55688 10064
17.099999999999973 2 3 0.0 0.0 112 95 17 65752 55688 10064
17.199999999999974 2 3 0.0 0.0 112 95 17 65752 55688 10064
17.299999999999976 2 3 0.0 0.0 112 95 17 65752 55688 10064
17.399999999999977 2 3 0.0 0.0 112 95 17 65752 55688 10064
17.499999999999979 2 3 0.0 0.0 112 95 17 65752 55688 10064
17.59999999999998 2 3 0.0 0.0 112 95 17 65752 55688 10064
17.699999999999982 2 3 0.0 0.0 112 95 17 65752 55688 10064
17.799999999999983 2 3 0.0 0.0 112 95 17 65752 55688 10064
17.899999999999984 2 3 0.0 0.0 112 95 17 65752 55688 10064
17.999999999999986 2 3 0.0 0.0 112 95 17 65752 55688 10064
18.099999999999987 2 3 0.0 0.0 112 95 17 65752 55688 10064
18.199999999999989 2 3 0.0 0.0 112 95 17 65752 55688 10064
18.29999999999999 2 3 0.0 0.0 112 95 17 65752 55688 10064
18.399999999999991 2 3 0.0 0.0 112 95 17 65752 55688 10064
18.499999999999993 2 3 0.0 0.0 112 95 17 65752 55688 10064
18.599999999999994 2 3 0.0 0.0 112 95 17 65752 55688 10064
18.699999999999996 2 3 0.0 0.0 112 95 17 65752 55688 10064
18.799999999999997 2 3 0.0 0.0 112 95 17 65752 55688 10064
18.899999999999999 2 3 0.0 0.0 112 95 17 65752 55688 10064
19 2 3 0.0 0.0 112 95 17 65752 55688 10064
19.100000000000001 2 3 0.0 0.0 112 95 17 65752 55688 10064
19.200000000000003 2 3 0.0 0.0 112 95 17 65752 55688 10064
19.300000000000004 2 3 0.0 0.0 112 95 17 65752 55688 10064
19.400000000000006 2 3 0.0 0.0 112 95 17 65752 55688 10064
19.500000000000007 2 3 0.0 0.0 112 95 17 65752 55688 10064
19.600000000000009 2 3 0.0 0.0 112 95 17 65752 55688 10064
19.70000000000001 2 3 0.0 0.0 112 95 17 65752 55688 10064
19.800000000000011 2 3 0.0 0.0 112 95 17 65752 55688 10064
19.900000000000013 2 3 0.0 0.0 112 95 17 65752 55688 10064
20.000000000000014 2 3 0.0 0.0 112 95 17 65752 55688 10064
20.100000000000016 2 3 0.0 0.0 112 95 17 65752 55688 10064
20.200000000000017 2 3 0.0 0.0 112 95 17 65752 55688 10064
20.300000000000018 2 3 0.0 0.0 112 95 17 65752 55688 10064
20.40000000000002 2 3 0.0 0.0 113 96 17 66344 56280 10064
20.500000000000021 2 3 0.0 0.0 113 96 17 66344 56280 10064
20.600000000000023 2 3 0.0 0.0 113 96 17 66344 56280 10064
20.700000000000024 2 3 0.0 0.0 113 96 17 66344 56280 10064
20.800000000000026 2 3 0.0 0.0 113 96 17 66344 56280 10064
20.900000000000027 2 3 0.0 0.0 113 96 17 66344 56280 10064
21.000000000000028 2 3 0.0 0.0 113 96 17 66344 56280 10064
21.10000000000003 2 3 0.0 0.0 113 96 17 66344 56280 10064
21.200000000000031 2 3 0.0 0.0 113 96 17 66344 56280 10064
21.300000000000033 2 3 0.0 0.0 113 96 17 66344 56280 10064
21.400000000000034 2 3 0.0 0.0 113 96 17 66344 56280 10064
21.500000000000036 2 3 0.0 0.0 113 96 17 66344 56280 10064
21.600000000000037 2 3 0.0 0.0 113 96 17 66344 56280 10064
21.700000000000038 2 3 0.0 0.0 113 96 17 66344 56280 10064
21.80000000000004 2 3 0.0 0.0 113 96 17 66344 56280 10064
21.900000000000041 2 3 0.0 0.0 113 96 17 66344 56280 10064
22.000000000000043 2 3 0.0 0.0 113 96 17 66344 56280 10064
22.100000000000044 2 3 0.0 0.0 113 96 17 66344 56280 10064
22.200000000000045 2 3 0.0 0.0 113 96 17 66344 56280 10064
22.300000000000047 2 3 0.0 0.0 113 96 17 66344 56280 10064
22.400000000000048 2 3 0.0 0.0 113 96 17 66344 56280 10064
22.50000000000005 2 3 0.0 0.0 113 96 17 66344 56280 10064
22.600000000000051 2 3 0.0 0.0 113 96 17 66344 56280 10064
22.700000000000053 2 3 79.438506666664367 0.13418666666666276 115 98 17 67528 57464 10064
22.800000000000054 2 3 0.0 0.0 115 98 17 67528 57464 10064
22.900000000000055 2 3 0.0 0.0 115 98 17 67528 57464 10064
23.000000000000057 2 3 0.0 0.0 115 98 17 67528 57464 10064
23.100000000000058 2 3 0.0 0.0 115 98 17 67528 57464 10064
23.20000000000006 2 3 0.0 0.0 115 98 17 67528 57464 10064
23.300000000000061 2 3 0.0 0.0 115 98 17 67528 57464 10064
23.400000000000063 2 3 0.0 0.0 115 98 17 67528 57464 10064
23.500000000000064 2 3 0.0 0.0 115 98 17 67528 57464 10064
23.600000000000065 2 3 0.0 0.0 115 98 17 67528 57464 10064
23.700000000000067 2 3 0.0 0.0 115 98 17 67528 57464 10064
23.800000000000068 2 3 0.0 0.0 115 98 17 67528 57464 10064
23.90000000000007 2 3 0.0 0.0 115 98 17 67528 57464 10064
24.000000000000071 2 3 0.0 0.0 115 98 17 67528 57464 10064
24.100000000000072 2 3 0.0 0.0 115 98 17 67528 57464 10064
24.200000000000074 2 3 0.0 0.0 115 98 17 67528 57464 10064
24.300000000000075 2 3 0.0 0.0 115 98 17 67528 57464 10064
24.400000000000077 2 3 0.0 0.0 115 98 17 67528 57464 10064
24.500000000000078 2 3 0.0 0.0 115 98 17 67528 57464 10064
24.60000000000008 2 3 0.0 0.0 115 98 17 67528 57464 10064
24.700000000000081 2 3 0.0 0.0 115 98 17 67528 57464 10064
24.800000000000082 2 3 0.0 0.0 115 98 17 67528 57464 10064
24.900000000000084 2 3 0.0 0.0 115 98 17 67528 57464 10064
25.000000000000085 2 3 0.0 0.0 115 98 17 67528 57464 10064
25.100000000000087 2 3 425.22965333332843 0.71829333333332501 119 102 17 69896 59832 10064
25.200000000000088 2 3 0.0 0.0 119 102 17 69896 59832 10064
25.30000000000009 2 3 0.0 0.0 119 102 17 69896 59832 10064
25.400000000000091 2 3 0.0 0.0 119 102 17 69896 59832 10064
25.500000000000092 2 3 0.0 0.0 119 102 17 69896 59832 10064
25.600000000000094 2 3 0.0 0.0 119 102 17 69896 59832 10064
25.700000000000095 2 3 0.0 0.0 119 102 17 69896 59832 10064
25.800000000000097 2 3 0.0 0.0 119 102 17 69896 59832 10064
25.900000000000098 2 3 0.0 0.0 119 102 17 69896 59832 10064
26.000000000000099 2 3 0.0 0.0 119 102 17 69896 59832 10064
26.100000000000101 2 3 0.0 0.0 119 102 17 69896 59832 10064
26.200000000000102 2 3 0.0 0.0 119 102 17 69896 59832 10064
26.300000000000104 2 3 0.0 0.0 119 102 17 69896 59832 10064
26.400000000000105 2 3 0.0 0.0 119 102 17 69896 59832 10064
26.500000000000107 2 3 0.0 0.0 119 102 17 69896 59832 10064
26.600000000000108 2 3 0.0 0.0 119 102 17 69896 59832 10064
26.700000000000109 2 3 0.0 0.0 119 102 17 69896 59832 10064
26.800000000000111 2 3 0.0 0.0 119 102 17 69896 59832 10064
26.900000000000112 2 3 0.0 0.0 119 102 17 69896 59832 10064
27.000000000000114 2 3 0.0 0.0 119 102 17 69896 59832 10064
27.100000000000115 2 3 0.0 0.0 119 102 17 69896 59832 10064
27.200000000000117 2 3 0.0 0.0 119 102 17 69896 59832 10064
27.300000000000118 2 3 0.0 0.0 119 102 17 69896 59832 10064
27.400000000000119 2 3 542.84032000065872 0.91696000000111277 125 107 17 73448 62792 10064
27.500000000000121 2 3 83.322026666008313 0.14074666666555458 125 108 17 73448 63384 10064
27.600000000000122 2 3 0.0 0.0 125 108 17 73448 63384 10064
27.700000000000124 2 3 0.0 0.0 125 108 17 73448 63384 10064
27.800000000000125 2 3 0.0 0.0 125 108 17 73448 63384 10064
27.900000000000126 2 3 0.0 0.0 125 108 17 73448 63384 10064
28.000000000000128 2 3 0.0 0.0 125 108 17 73448 63384 10064
28.100000000000129 2 3 0.0 0.0 125 108 17 73448 63384 10064
28.200000000000131 2 3 0.0 0.0 125 108 17 73448 63384 10064
28.300000000000132 2 3 0.0 0.0 125 108 17 73448 63384 10064
28.400000000000134 2 3 0.0 0.0 125 108 17 73448 63384 10064
28.500000000000135 2 3 0.0 0.0 125 108 17 73448 63384 10064
28.600000000000136 2 3 0.0 0.0 125 108 17 73448 63384 10064
28.700000000000138 2 3 0.0 0.0 125 108 17 73448 63384 10064
28.800000000000139 2 3 0.0 0.0 125 108 17 73448 63384 10064
28.900000000000141 2 3 0.0 0.0 125 108 17 73448 63384 10064
29.000000000000142 2 3 0.0 0.0 125 108 17 73448 63384 10064
29.100000000000144 2 3 0.0 0.0 125 108 17 73448 63384 10064
29.200000000000145 2 3 0.0 0.0 125 108 17 73448 63384 10064
29.300000000000146 2 3 0.0 0.0 125 108 17 73448 63384 10064
29.400000000000148 2 3 0.0 0.0 125 108 17 73448 63384 10064
29.500000000000149 2 3 0.0 0.0 125 108 17 73448 63384 10064
29.600000000000151 2 3 0.0 0.0 125 108 17 73448 63384 10064
29.700000000000152 2 3 203.7742933350608 0.34421333333625137 130 111 17 76408 65160 10064
29.800000000000153 2 3 3195.6317866674626 5.3980266666680112 137 117 17 80552 68712 10064
29.900000000000155 2 3 399.62367999742582 0.67503999999565178 137 120 17 80552 70488 10064
30.000000000000156 2 3 0.0 0.0 137 120 17 80552 70488 10064
30.100000000000158 2 3 0.0 0.0 137 120 17 80552 70488 10064
30.200000000000159 2 3 0.0 0.0 137 120 17 80552 70488 10064
30.300000000000161 2 3 0.0 0.0 137 120 17 80552 70488 10064
30.400000000000162 2 3 0.0 0.0 137 120 17 80552 70488 10064
30.500000000000163 2 3 0.0 0.0 137 120 17 80552 70488 10064
30.600000000000165 2 3 0.0 0.0 137 120 17 80552 70488 10064
30.700000000000166 2 3 0.0 0.0 137 120 17 80552 70488 10064
30.800000000000168 2 3 0.0 0.0 137 120 17 80552 70488 10064
30.900000000000169 2 3 0.0 0.0 137 120 17 80552 70488 10064
31.000000000000171 2 3 0.0 0.0 137 120 17 80552 70488 10064
31.100000000000172 2 3 0.0 0.0 137 120 17 80552 70488 10064
31.200000000000173 2 3 0.0 0.0 137 120 17 80552 70488 10064
31.300000000000175 2 3 0.0 0.0 137 120 17 80552 70488 10064
31.400000000000176 2 3 0.0 0.0 137 120 17 80552 70488 10064
31.500000000000178 2 3 0.0 0.0 137 120 17 80552 70488 10064
31.600000000000179 2 3 0.0 0.0 137 120 17 80552 70488 10064
31.70000000000018 2 3 0.0 0.0 137 120 17 80552 70488 10064
31.800000000000182 2 3 0.0 0.0 137 120 17 80552 70488 10064
31.900000000000183 2 3 0.0 0.0 137 120 17 80552 70488 10064
32.000000000000185 2 3 0.0 0.0 137 120 17 80552 70488 10064
32.100000000000186 2 3 145.45834666768903 0.24570666666839364 142 124 17 83512 72856 10064
32.200000000000188 2 3 1581.7924266669913 2.6719466666672149 150 131 17 88248 77000 10064
32.300000000000189 2 3 272.73045333085929 0.46069333332915419 150 133 17 88248 78184 10064
32.40000000000019 2 3 0.0 0.0 150 133 17 88248 78184 10064
32.500000000000192 2 3 0.0 0.0 150 133 17 88248 78184 10064
32.600000000000193 2 3 0.0 0.0 150 133 17 88248 78184 10064
32.700000000000195 2 3 0.0 0.0 150 133 17 88248 78184 10064
32.800000000000196 2 3 0.0 0.0 150 133 17 88248 78184 10064
32.900000000000198 2 3 0.0 0.0 150 133 17 88248 78184 10064
33.000000000000199 2 3 0.0 0.0 150 133 17 88248 78184 10064
33.1000000000002 2 3 0.0 0.0 150 133 17 88248 78184 10064
33.200000000000202 2 3 0.0 0.0 150 133 17 88248 78184 10064
33.300000000000203 2 3 0.0 0.0 150 133 17 88248 78184 10064
33.400000000000205 2 3 0.0 0.0 150 133 17 88248 78184 10064
33.500000000000206 2 3 0.0 0.0 150 133 17 88248 78184 10064
33.600000000000207 2 3 0.0 0.0 150 133 17 88248 78184 10064
33.700000000000209 2 3 0.0 0.0 150 133 17 88248 78184 10064
33.80000000000021 2 3 0.0 0.0 150 133 17 88248 78184 10064
33.900000000000212 2 3 0.0 0.0 150 133 17 88248 78184 10064
34.000000000000213 2 3 0.0 0.0 150 133 17 88248 78184 10064
34.100000000000215 2 3 0.0 0.0 150 133 17 88248 78184 10064
34.200000000000216 2 3 0.0 0.0 150 133 17 88248 78184 10064
34.300000000000217 2 3 0.0 0.0 150 133 17 88248 78184 10064
34.400000000000219 2 3 0.0 0.0 152 135 17 89432 79368 10064
34.50000000000022 2 3 0.0 0.0 159 142 17 93576 83512 10064
34.600000000000222 2 3 3531.9825066754788 5.9661866666815522 171 148 17 100680 87064 10064
34.700000000000223 2 3 1678.2489599908808 2.8348799999845959 171 154 17 100680 90616 10064
34.800000000000225 2 3 0.0 0.0 171 154 17 100680 90616 10064
34.900000000000226 2 3 0.0 0.0 171 154 17 100680 90616 10064
35.000000000000227 2 3 0.0 0.0 171 154 17 100680 90616 10064
35.100000000000229 2 3 0.0 0.0 171 154 17 100680 90616 10064
35.20000000000023 2 3 0.0 0.0 171 154 17 100680 90616 10064
35.300000000000232 2 3 0.0 0.0 171 154 17 100680 90616 10064
35.400000000000233 2 3 0.0 0.0 171 154 17 100680 90616 10064
35.500000000000234 2 3 0.0 0.0 171 154 17 100680 90616 10064
35.600000000000236 2 3 0.0 0.0 171 154 17 100680 90616 10064
35.700000000000237 2 3 0.0 0.0 171 154 17 100680 90616 10064
35.800000000000239 2 3 0.0 0.0 171 154 17 100680 90616 10064
35.90000000000024 2 3 0.0 0.0 171 154 17 100680 90616 10064
36.000000000000242 2 3 0.0 0.0 171 154 17 100680 90616 10064
36.100000000000243 2 3 0.0 0.0 171 154 17 100680 90616 10064
36.200000000000244 2 3 0.0 0.0 171 154 17 100680 90616 10064
36.300000000000246 2 3 0.0 0.0 171 154 17 100680 90616 10064
36.400000000000247 2 3 0.0 0.0 171 154 17 100680 90616 10064
36.500000000000249 2 3 0.0 0.0 171 154 17 100680 90616 10064
36.60000000000025 2 3 0.0 0.0 171 154 17 100680 90616 10064
36.700000000000252 2 3 0.0 0.0 171 154 17 100680 90616 10064
36.800000000000253 2 3 0.0 0.0 171 154 17 100680 90616 10064
36.900000000000254 2 3 0.0 0.0 175 158 17 103048 92984 10064
37.000000000000256 2 3 450.77248000163007 0.76144000000275358 182 164 17 107192 96536 10064
37.100000000000257 2 3 189.40842666491406 0.31994666666370619 184 167 17 108376 98312 10064
37.200000000000259 2 3 0.0 0.0 184 167 17 108376 98312 10064
37.30000000000026 2 3 0.0 0.0 184 167 17 108376 98312 10064
37.400000000000261 2 3 0.0 0.0 184 167 17 108376 98312 10064
37.500000000000263 2 3 0.0 0.0 184 167 17 108376 98312 10064
37.600000000000264 2 3 0.0 0.0 184 167 17 108376 98312 10064
37.700000000000266 2 3 0.0 0.0 184 167 17 108376 98312 10064
37.800000000000267 2 3 0.0 0.0 184 167 17 108376 98312 10064
37.900000000000269 2 3 0.0 0.0 184 167 17 108376 98312 10064
38.00000000000027 2 3 0.0 0.0 184 167 17 108376 98312 10064
38.100000000000271 2 3 0.0 0.0 184 167 17 108376 98312 10064
38.200000000000273 2 3 0.0 0.0 184 167 17 108376 98312 10064
38.300000000000274 2 3 0.0 0.0 184 167 17 108376 98312 10064
38.400000000000276 2 3 0.0 0.0 184 167 17 108376 98312 10064
38.500000000000277 2 3 0.0 0.0 184 167 17 108376 98312 10064
38.600000000000279 2 3 0.0 0.0 184 167 17 108376 98312 10064
38.70000000000028 2 3 0.0 0.0 184 167 17 108376 98312 10064
38.800000000000281 2 3 0.0 0.0 184 167 17 108376 98312 10064
38.900000000000283 2 3 0.0 0.0 184 167 17 108376 98312 10064
39.000000000000284 2 3 0.0 0.0 184 167 17 108376 98312 10064
39.100000000000286 2 3 0.0 0.0 184 167 17 108376 98312 10064
39.200000000000287 2 3 0.0 0.0 186 169 17 109560 99496 10064
39.300000000000288 2 3 182.71488000181276 0.30864000000306208 194 176 17 114296 103640 10064
39.40000000000029 2 3 457.46602666473143 0.77274666666339764 198 181 17 116664 106600 10064
39.500000000000291 2 3 0.0 0.0 198 181 17 116664 106600 10064
39.600000000000293 2 3 0.0 0.0 198 181 17 116664 106600 10064
39.700000000000294 2 3 0.0 0.0 198 181 17 116664 106600 10064
39.800000000000296 2 3 0.0 0.0 198 181 17 116664 106600 10064
39.900000000000297 2 3 0.0 0.0 198 181 17 116664 106600 10064
40.000000000000298 2 3 0.0 0.0 198 181 17 116664 106600 10064
40.1000000000003 2 3 0.0 0.0 198 181 17 116664 106600 10064
40.200000000000301 2 3 0.0 0.0 198 181 17 116664 106600 10064
40.300000000000303 2 3 0.0 0.0 198 181 17 116664 106600 10064
40.400000000000304 2 3 0.0 0.0 198 181 17 116664 106600 10064
40.500000000000306 2 3 0.0 0.0 198 181 17 116664 106600 10064
40.600000000000307 2 3 0.0 0.0 198 181 17 116664 106600 10064
40.700000000000308 2 3 0.0 0.0 198 181 17 116664 106600 10064
40.80000000000031 2 3 0.0 0.0 198 181 17 116664 106600 10064
40.900000000000311 2 3 0.0 0.0 198 181 17 116664 106600 10064
41.000000000000313 2 3 0.0 0.0 198 181 17 116664 106600 10064
41.100000000000314 2 3 0.0 0.0 198 181 17 116664 106600 10064
41.200000000000315 2 3 0.0 0.0 198 181 17 116664 106600 10064
41.300000000000317 2 3 0.0 0.0 198 181 17 116664 106600 10064
41.400000000000318 2 3 0.0 0.0 198 181 17 116664 106600 10064
41.50000000000032 2 3 0.0 0.0 198 181 17 116664 106600 10064
41.600000000000321 2 3 0.0 0.0 205 188 17 120808 110744 10064
41.700000000000323 2 3 413.20021333534879 0.69797333333673783 212 194 17 124952 114296 10064
41.800000000000324 2 3 133.52362666454874 0.22554666666308912 213 196 17 125544 115480 10064
41.900000000000325 2 3 0.0 0.0 213 196 17 125544 115480 10064
42.000000000000327 2 3 0.0 0.0 213 196 17 125544 115480 10064
42.100000000000328 2 3 0.0 0.0 213 196 17 125544 115480 10064
42.20000000000033 2 3 0.0 0.0 213 196 17 125544 115480 10064
42.300000000000331 2 3 0.0 0.0 213 196 17 125544 115480 10064
42.400000000000333 2 3 0.0 0.0 213 196 17 125544 115480 10064
42.500000000000334 2 3 0.0 0.0 213 196 17 125544 115480 10064
42.600000000000335 2 3 0.0 0.0 213 196 17 125544 115480 10064
42.700000000000337 2 3 0.0 0.0 213 196 17 125544 115480 10064
42.800000000000338 2 3 0.0 0.0 213 196 17 125544 115480 10064
42.90000000000034 2 3 0.0 0.0 213 196 17 125544 115480 10064
43.000000000000341 2 3 0.0 0.0 213 196 17 125544 115480 10064
43.100000000000342 2 3 0.0 0.0 213 196 17 125544 115480 10064
43.200000000000344 2 3 0.0 0.0 213 196 17 125544 115480 10064
43.300000000000345 2 3 0.0 0.0 213 196 17 125544 115480 10064
43.400000000000347 2 3 0.0 0.0 213 196 17 125544 115480 10064
43.500000000000348 2 3 0.0 0.0 213 196 17 125544 115480 10064
43.60000000000035 2 3 0.0 0.0 213 196 17 125544 115480 10064
43.700000000000351 2 3 0.0 0.0 213 196 17 125544 115480 10064
43.800000000000352 2 3 0.0 0.0 213 196 17 125544 115480 10064
43.900000000000354 2 3 0.0 0.0 218 201 17 128504 118440 10064
44.000000000000355 2 3 145.14261333553142 0.24517333333704633 225 207 17 132648 121992 10064
44.100000000000357 2 3 401.58122666436611 0.67834666666278054 229 212 17 135016 124952 10064
44.200000000000358 2 3 0.0 0.0 229 212 17 135016 124952 10064
44.30000000000036 2 3 0.0 0.0 229 212 17 135016 124952 10064
44.400000000000361 2 3 0.0 0.0 229 212 17 135016 124952 10064
44.500000000000362 2 3 0.0 0.0 229 212 17 135016 124952 10064
44.600000000000364 2 3 0.0 0.0 229 212 17 135016 124952 10064
44.700000000000365 2 3 0.0 0.0 229 212 17 135016 124952 10064
44.800000000000367 2 3 0.0 0.0 229 212 17 135016 124952 10064
44.900000000000368 2 3 0.0 0.0 229 212 17 135016 124952 10064
45.000000000000369 2 3 0.0 0.0 229 212 17 135016 124952 10064
45.100000000000371 2 3 0.0 0.0 229 212 17 135016 124952 10064
45.200000000000372 2 3 0.0 0.0 229 212 17 135016 124952 10064
45.300000000000374 2 3 0.0 0.0 229 212 17 135016 124952 10064
45.400000000000375 2 3 0.0 0.0 229 212 17 135016 124952 10064
45.500000000000377 2 3 0.0 0.0 229 212 17 135016 124952 10064
45.600000000000378 2 3 0.0 0.0 229 212 17 135016 124952 10064
45.700000000000379 2 3 0.0 0.0 229 212 17 135016 124952 10064
45.800000000000381 2 3 0.0 0.0 229 212 17 135016 124952 10064
45.900000000000382 2 3 0.0 0.0 229 212 17 135016 124952 10064
46.000000000000384 2 3 0.0 0.0 229 212 17 135016 124952 10064
46.100000000000385 2 3 0.0 0.0 229 212 17 135016 124952 10064
46.200000000000387 2 3 0.0 0.0 232 215 17 136792 126728 10064
46.300000000000388 2 3 0.0 0.0 238 221 17 140344 130280 10064
46.400000000000389 2 3 375.62794666906746 0.63450666667072209 246 228 17 145080 134424 10064
46.500000000000391 2 3 77.638826664183426 0.13114666666247202 246 229 17 145080 135016 10064
46.600000000000392 2 3 0.0 0.0 246 229 17 145080 135016 10064
46.700000000000394 2 3 0.0 0.0 246 229 17 145080 135016 10064
46.800000000000395 2 3 0.0 0.0 246 229 17 145080 135016 10064
46.900000000000396 2 3 0.0 0.0 246 229 17 145080 135016 10064
47.000000000000398 2 3 0.0 0.0 246 229 17 145080 135016 10064
47.100000000000399 2 3 0.0 0.0 246 229 17 145080 135016 10064
47.200000000000401 2 3 0.0 0.0 246 229 17 145080 135016 10064
47.300000000000402 2 3 0.0 0.0 246 229 17 145080 135016 10064
47.400000000000404 2 3 0.0 0.0 246 229 17 145080 135016 10064
47.500000000000405 2 3 0.0 0.0 246 229 17 145080 135016 10064
47.600000000000406 2 3 0.0 0.0 246 229 17 145080 135016 10064
47.700000000000408 2 3 0.0 0.0 246 229 17 145080 135016 10064
47.800000000000409 2 3 0.0 0.0 246 229 17 145080 135016 10064
47.900000000000411 2 3 0.0 0.0 246 229 17 145080 135016 10064
48.000000000000412 2 3 0.0 0.0 246 229 17 145080 135016 10064
48.100000000000414 2 3 0.0 0.0 246 229 17 145080 135016 10064
48.200000000000415 2 3 0.0 0.0 246 229 17 145080 135016 10064
48.300000000000416 2 3 0.0 0.0 246 229 17 145080 135016 10064
48.400000000000418 2 3 0.0 0.0 246 229 17 145080 135016 10064
48.500000000000419 2 3 0.0 0.0 247 230 17 145672 135608 10064
48.600000000000421 2 3 0.0 0.0 253 236 17 149224 139160 10064
48.700000000000422 2 3 107.57034666925011 0.18170666667103061 261 243 17 153960 143304 10064
48.800000000000423 2 3 345.6964266640008 0.58394666666216344 264 247 17 155736 145672 10064
48.900000000000425 2 3 0.0 0.0 264 247 17 155736 145672 10064
49.000000000000426 2 3 0.0 0.0 264 247 17 155736 145672 10064
49.100000000000428 2 3 0.0 0.0 264 247 17 155736 145672 10064
49.200000000000429 2 3 0.0 0.0 264 247 17 155736 145672 10064
49.300000000000431 2 3 0.0 0.0 264 247 17 155736 145672 10064
49.400000000000432 2 3 0.0 0.0 264 247 17 155736 145672 10064
49.500000000000433 2 3 0.0 0.0 264 247 17 155736 145672 10064
49.600000000000435 2 3 0.0 0.0 264 247 17 155736 145672 10064
49.700000000000436 2 3 0.0 0.0 264 247 17 155736 145672 10064
49.800000000000438 2 3 0.0 0.0 264 247 17 155736 145672 10064
49.900000000000439 2 3 0.0 0.0 264 247 17 155736 145672 10064
50.000000000000441 2 3 0.0 0.0 264 247 17 155736 145672 10064
50.100000000000442 2 3 0.0 0.0 264 247 17 155736 145672 10064
50.200000000000443 2 3 0.0 0.0 264 247 17 155736 145672 10064
50.300000000000445 2 3 0.0 0.0 264 247 17 155736 145672 10064
50.400000000000446 2 3 0.0 0.0 264 247 17 155736 145672 10064
50.500000000000448 2 3 0.0 0.0 264 247 17 155736 145672 10064
50.600000000000449 2 3 0.0 0.0 264 247 17 155736 145672 10064
50.70000000000045 2 3 0.0 0.0 264 247 17 155736 145672 10064
50.800000000000452 2 3 0.0 0.0 264 247 17 155736 145672 10064
50.900000000000453 2 3 0.0 0.0 270 253 17 159288 149224 10064
51.000000000000455 2 3 0.0 0.0 276 259 17 162840 152776 10064
51.100000000000456 2 3 338.05568000278612 0.57104000000470634 283 265 17 166984 156328 10064
51.200000000000458 2 3 21.754026663818113 0.036746666661854922 283 266 17 166984 156920 10064
51.300000000000459 2 3 0.0 0.0 283 266 17 166984 156920 10064
51.40000000000046 2 3 0.0 0.0 283 266 17 166984 156920 10064
51.500000000000462 2 3 0.0 0.0 283 266 17 166984 156920 10064
51.600000000000463 2 3 0.0 0.0 283 266 17 166984 156920 10064
51.700000000000465 2 3 0.0 0.0 283 266 17 166984 156920 10064
51.800000000000466 2 3 0.0 0.0 283 266 17 166984 156920 10064
51.900000000000468 2 3 0.0 0.0 283 266 17 166984 156920 10064
52.000000000000469 2 3 0.0 0.0 283 266 17 166984 156920 10064
52.10000000000047 2 3 0.0 0.0 283 266 17 166984 156920 10064
52.200000000000472 2 3 0.0 0.0 283 266 17 166984 156920 10064
52.300000000000473 2 3 0.0 0.0 283 266 17 166984 156920 10064
52.400000000000475 2 3 0.0 0.0 283 266 17 166984 156920 10064
52.500000000000476 2 3 0.0 0.0 283 266 17 166984 156920 10064
52.600000000000477 2 3 0.0 0.0 283 266 17 166984 156920 10064
52.700000000000479 2 3 0.0 0.0 283 266 17 166984 156920 10064
52.80000000000048 2 3 0.0 0.0 283 266 17 166984 156920 10064
52.900000000000482 2 3 0.0 0.0 283 266 17 166984 156920 10064
53.000000000000483 2 3 0.0 0.0 283 266 17 166984 156920 10064
53.100000000000485 2 3 0.0 0.0 283 266 17 166984 156920 10064
53.200000000000486 2 3 0.0 0.0 287 270 17 169352 159288 10064
53.300000000000487 2 3 0.0 0.0 293 276 17 172904 162840 10064
53.400000000000489 2 3 69.998080002968806 0.11824000000501488 300 282 17 177048 166392 10064
53.50000000000049 2 3 289.81162666363548 0.48954666666154639 303 286 17 178824 168760 10064
53.600000000000492 2 3 0.0 0.0 303 286 17 178824 168760 10064
53.700000000000493 2 3 0.0 0.0 303 286 17 178824 168760 10064
53.800000000000495 2 3 0.0 0.0 303 286 17 178824 168760 10064
53.900000000000496 2 3 0.0 0.0 303 286 17 178824 168760 10064
54.000000000000497 2 3 0.0 0.0 303 286 17 178824 168760 10064
54.100000000000499 2 3 0.0 0.0 303 286 17 178824 168760 10064
54.2000000000005 2 3 0.0 0.0 303 286 17 178824 168760 10064
54.300000000000502 2 3 0.0 0.0 303 286 17 178824 168760 10064
54.400000000000503 2 3 0.0 0.0 303 286 17 178824 168760 10064
54.500000000000504 2 3 0.0 0.0 303 286 17 178824 168760 10064
54.600000000000506 2 3 0.0 0.0 303 286 17 178824 168760 10064
54.700000000000507 2 3 0.0 0.0 303 286 17 178824 168760 10064
54.800000000000509 2 3 0.0 0.0 303 286 17 178824 168760 10064
54.90000000000051 2 3 0.0 0.0 303 286 17 178824 168760 10064
55.000000000000512 2 3 0.0 0.0 303 286 17 178824 168760 10064
55.100000000000513 2 3 0.0 0.0 303 286 17 178824 168760 10064
55.200000000000514 2 3 0.0 0.0 303 286 17 178824 168760 10064
55.300000000000516 2 3 0.0 0.0 303 286 17 178824 168760 10064
55.400000000000517 2 3 0.0 0.0 303 286 17 178824 168760 10064
55.500000000000519 2 3 0.0 0.0 305 288 17 180008 169944 10064
55.60000000000052 2 3 0.0 0.0 311 294 17 183560 173496 10064
55.700000000000522 2 3 0.0 0.0 318 301 17 187704 177640 10064
55.800000000000523 2 3 266.3526399999576 0.44991999999992843 324 307 17 191256 181192 10064
55.900000000000524 2 3 0.0 0.0 324 307 17 191256 181192 10064
56.000000000000526 2 3 0.0 0.0 324 307 17 191256 181192 10064
56.100000000000527 2 3 0.0 0.0 324 307 17 191256 181192 10064
56.200000000000529 2 3 0.0 0.0 324 307 17 191256 181192 10064
56.30000000000053 2 3 0.0 0.0 324 307 17 191256 181192 10064
56.400000000000531 2 3 0.0 0.0 324 307 17 191256 181192 10064
56.500000000000533 2 3 0.0 0.0 324 307 17 191256 181192 10064
56.600000000000534 2 3 0.0 0.0 324 307 17 191256 181192 10064
56.700000000000536 2 3 0.0 0.0 324 307 17 191256 181192 10064
56.800000000000537 2 3 0.0 0.0 324 307 17 191256 181192 10064
56.900000000000539 2 3 0.0 0.0 324 307 17 191256 181192 10064
57.00000000000054 2 3 0.0 0.0 324 307 17 191256 181192 10064
57.100000000000541 2 3 0.0 0.0 324 307 17 191256 181192 10064
57.200000000000543 2 3 0.0 0.0 324 307 17 191256 181192 10064
57.300000000000544 2 3 0.0 0.0 324 307 17 191256 181192 10064
57.400000000000546 2 3 0.0 0.0 324 307 17 191256 181192 10064
57.500000000000547 2 3 0.0 0.0 324 307 17 191256 181192 10064
57.600000000000549 2 3 0.0 0.0 324 307 17 191256 181192 10064
57.70000000000055 2 3 0.0 0.0 324 307 17 191256 181192 10064
57.800000000000551 2 3 0.0 0.0 324 307 17 191256 181192 10064
57.900000000000553 2 3 0.0 0.0 330 313 17 194808 184744 10064
58.000000000000554 2 3 0.0 0.0 337 320 17 198952 188888 10064
58.100000000000556 2 3 32.42581333668749 0.054773333338999142 344 326 17 203096 192440 10064
58.200000000000557 2 3 233.92682666327013 0.39514666666092929 346 329 17 204280 194216 10064
58.300000000000558 2 3 0.0 0.0 346 329 17 204280 194216 10064
58.40000000000056 2 3 0.0 0.0 346 329 17 204280 194216 10064
58.500000000000561 2 3 0.0 0.0 346 329 17 204280 194216 10064
58.600000000000563 2 3 0.0 0.0 346 329 17 204280 194216 10064
58.700000000000564 2 3 0.0 0.0 346 329 17 204280 194216 10064
58.800000000000566 2 3 0.0 0.0 346 329 17 204280 194216 10064
58.900000000000567 2 3 0.0 0.0 346 329 17 204280 194216 10064
59.000000000000568 2 3 0.0 0.0 346 329 17 204280 194216 10064
59.10000000000057 2 3 0.0 0.0 346 329 17 204280 194216 10064
59.200000000000571 2 3 0.0 0.0 346 329 17 204280 194216 10064
59.300000000000573 2 3 0.0 0.0 346 329 17 204280 194216 10064
59.400000000000574 2 3 0.0 0.0 346 329 17 204280 194216 10064
59.500000000000576 2 3 0.0 0.0 346 329 17 204280 194216 10064
59.600000000000577 2 3 0.0 0.0 346 329 17 204280 194216 10064
59.700000000000578 2 3 0.0 0.0 346 329 17 204280 194216 10064
59.80000000000058 2 3 0.0 0.0 346 329 17 204280 194216 10064
59.900000000000581 2 3 0.0 0.0 346 329 17 204280 194216 10064
60.000000000000583 2 3 0.0 0.0 346 329 17 204280 194216 10064
60.100000000000584 2 3 0.0 0.0 346 329 17 204280 194216 10064
60.200000000000585 2 3 0.0 0.0 350 333 17 206648 196584 10064
60.300000000000587 2 3 0.0 0.0 357 340 17 210792 200728 10064
60.400000000000588 2 3 0.0 0.0 363 346 17 214344 204280 10064
60.50000000000059 2 3 172.89557333331101 0.29205333333329558 369 352 17 217896 207832 10064
60.600000000000591 2 3 0.0 0.0 369 352 17 217896 207832 10064
60.700000000000593 2 3 0.0 0.0 369 352 17 217896 207832 10064
60.800000000000594 2 3 0.0 0.0 369 352 17 217896 207832 10064
60.900000000000595 2 3 0.0 0.0 369 352 17 217896 207832 10064
61.000000000000597 2 3 0.0 0.0 369 352 17 217896 207832 10064
61.100000000000598 2 3 0.0 0.0 369 352 17 217896 207832 10064
61.2000000000006 2 3 0.0 0.0 369 352 17 217896 207832 10064
61.300000000000601 2 3 0.0 0.0 369 352 17 217896 207832 10064
61.400000000000603 2 3 0.0 0.0 369 352 17 217896 207832 10064
61.500000000000604 2 3 0.0 0.0 369 352 17 217896 207832 10064
61.600000000000605 2 3 0.0 0.0 369 352 17 217896 207832 10064
61.700000000000607 2 3 0.0 0.0 369 352 17 217896 207832 10064
61.800000000000608 2 3 0.0 0.0 369 352 17 217896 207832 10064
61.90000000000061 2 3 0.0 0.0 369 352 17 217896 207832 10064
62.000000000000611 2 3 0.0 0.0 369 352 17 217896 207832 10064
62.100000000000612 2 3 0.0 0.0 369 352 17 217896 207832 10064
62.200000000000614 2 3 0.0 0.0 369 352 17 217896 207832 10064
62.300000000000615 2 3 0.0 0.0 369 352 17 217896 207832 10064
62.400000000000617 2 3 0.0 0.0 369 352 17 217896 207832 10064
62.500000000000618 2 3 0.0 0.0 372 355 17 219672 209608 10064
62.60000000000062 2 3 0.0 0.0 378 361 17 223224 213160 10064
62.700000000000621 2 3 0.0 0.0 384 367 17 226776 216712 10064
62.800000000000622 2 3 0.0 0.0 391 374 17 230920 220856 10064
62.900000000000624 2 3 172.89557333331101 0.29205333333329558 393 376 17 232104 222040 10064
63.000000000000625 2 3 0.0 0.0 393 376 17 232104 222040 10064
63.100000000000627 2 3 0.0 0.0 393 376 17 232104 222040 10064
63.200000000000628 2 3 0.0 0.0 393 376 17 232104 222040 10064
63.30000000000063 2 3 0.0 0.0 393 376 17 232104 222040 10064
63.400000000000631 2 3 0.0 0.0 393 376 17 232104 222040 10064
63.500000000000632 2 3 0.0 0.0 393 376 17 232104 222040 10064
63.600000000000634 2 3 0.0 0.0 393 376 17 232104 222040 10064
63.700000000000635 2 3 0.0 0.0 393 376 17 232104 222040 10064
63.800000000000637 2 3 0.0 0.0 393 376 17 232104 222040 10064
63.900000000000638 2 3 0.0 0.0 393 376 17 232104 222040 10064
64.000000000000639 2 3 0.0 0.0 393 376 17 232104 222040 10064
64.100000000000634 2 3 0.0 0.0 393 376 17 232104 222040 10064
64.200000000000628 2 3 0.0 0.0 393 376 17 232104 222040 10064
64.300000000000622 2 3 0.0 0.0 393 376 17 232104 222040 10064
64.400000000000617 2 3 0.0 0.0 393 376 17 232104 222040 10064
64.500000000000611 2 3 0.0 0.0 393 376 17 232104 222040 10064
64.600000000000605 2 3 0.0 0.0 393 376 17 232104 222040 10064
64.7000000000006 2 3 0.0 0.0 393 376 17 232104 222040 10064
64.800000000000594 2 3 0.0 0.0 394 377 17 232696 222632 10064
64.900000000000588 2 3 1.0095391189680078e-09 1.7053025658243374e-12 400 383 17 236248 226184 10064
65.000000000000583 2 3 2.5238477974200194e-09 4.2632564145608435e-12 406 389 17 239800 229736 10064
65.100000000000577 2 3 4.8794390750120371e-09 8.2422957348176307e-12 413 396 17 243944 233880 10064
65.200000000000571 2 3 79.438506671381191 0.13418666667463039 418 401 17 246904 236840 10064
65.300000000000566 2 3 0.0 0.0 418 401 17 246904 236840 10064
65.40000000000056 2 3 0.0 0.0 418 401 17 246904 236840 10064
65.500000000000554 2 3 0.0 0.0 418 401 17 246904 236840 10064
65.600000000000549 2 3 0.0 0.0 418 401 17 246904 236840 10064
65.700000000000543 2 3 0.0 0.0 418 401 17 246904 236840 10064
65.800000000000537 2 3 0.0 0.0 418 401 17 246904 236840 10064
65.900000000000531 2 3 0.0 0.0 418 401 17 246904 236840 10064
66.000000000000526 2 3 0.0 0.0 418 401 17 246904 236840 10064
66.10000000000052 2 3 0.0 0.0 418 401 17 246904 236840 10064
66.200000000000514 2 3 0.0 0.0 418 401 17 246904 236840 10064
66.300000000000509 2 3 0.0 0.0 418 401 17 246904 236840 10064
66.400000000000503 2 3 0.0 0.0 418 401 17 246904 236840 10064
66.500000000000497 2 3 0.0 0.0 418 401 17 246904 236840 10064
66.600000000000492 2 3 0.0 0.0 418 401 17 246904 236840 10064
66.700000000000486 2 3 0.0 0.0 418 401 17 246904 236840 10064
66.80000000000048 2 3 0.0 0.0 418 401 17 246904 236840 10064
66.900000000000475 2 3 0.0 0.0 418 401 17 246904 236840 10064
67.000000000000469 2 3 0.0 0.0 418 401 17 246904 236840 10064
67.100000000000463 2 3 0.0 0.0 418 401 17 246904 236840 10064
67.200000000000458 2 3 0.0 0.0 423 406 17 249864 239800 10064
67.300000000000452 2 3 0.0 0.0 430 413 17 254008 243944 10064
67.400000000000446 2 3 0.0 0.0 436 419 17 257560 247496 10064
67.500000000000441 2 3 0.0 0.0 442 425 17 261112 251048 10064
67.600000000000435 2 3 79.438506666670008 0.13418666666667231 444 427 17 262296 252232 10064
67.700000000000429 2 3 0.0 0.0 444 427 17 262296 252232 10064
67.800000000000423 2 3 0.0 0.0 444 427 17 262296 252232 10064
67.900000000000418 2 3 0.0 0.0 444 427 17 262296 252232 10064
68.000000000000412 2 3 0.0 0.0 444 427 17 262296 252232 10064
68.100000000000406 2 3 0.0 0.0 444 427 17 262296 252232 10064
68.200000000000401 2 3 0.0 0.0 444 427 17 262296 252232 10064
68.300000000000395 2 3 0.0 0.0 444 427 17 262296 252232 10064
68.400000000000389 2 3 0.0 0.0 444 427 17 262296 252232 10064
68.500000000000384 2 3 0.0 0.0 444 427 17 262296 252232 10064
68.600000000000378 2 3 0.0 0.0 444 427 17 262296 252232 10064
68.700000000000372 2 3 0.0 0.0 444 427 17 262296 252232 10064
68.800000000000367 2 3 0.0 0.0 444 427 17 262296 252232 10064
68.900000000000361 2 3 0.0 0.0 444 427 17 262296 252232 10064
69.000000000000355 2 3 0.0 0.0 444 427 17 262296 252232 10064
69.10000000000035 2 3 0.0 0.0 444 427 17 262296 252232 10064
69.200000000000344 2 3 0.0 0.0 444 427 17 262296 252232 10064
69.300000000000338 2 3 0.0 0.0 444 427 17 262296 252232 10064
69.400000000000333 2 3 0.0 0.0 444 427 17 262296 252232 10064
69.500000000000327 2 3 0.0 0.0 447 430 17 264072 254008 10064
69.600000000000321 2 3 0.0 0.0 454 437 17 268216 258152 10064
69.700000000000315 2 3 0.0 0.0 460 443 17 271768 261704 10064
69.80000000000031 2 3 0.0 0.0 466 449 17 275320 265256 10064
69.900000000000304 2 3 0.0 0.0 470 453 17 277688 267624 10064
70.000000000000298 2 3 0.0 0.0 470 453 17 277688 267624 10064
70.100000000000293 2 3 0.0 0.0 470 453 17 277688 267624 10064
70.200000000000287 2 3 0.0 0.0 470 453 17 277688 267624 10064
70.300000000000281 2 3 0.0 0.0 470 453 17 277688 267624 10064
70.400000000000276 2 3 0.0 0.0 470 453 17 277688 267624 10064
70.50000000000027 2 3 0.0 0.0 470 453 17 277688 267624 10064
70.600000000000264 2 3 0.0 0.0 470 453 17 277688 267624 10064
70.700000000000259 2 3 0.0 0.0 470 453 17 277688 267624 10064
70.800000000000253 2 3 0.0 0.0 470 453 17 277688 267624 10064
70.900000000000247 2 3 0.0 0.0 470 453 17 277688 267624 10064
71.000000000000242 2 3 0.0 0.0 470 453 17 277688 267624 10064
71.100000000000236 2 3 0.0 0.0 470 453 17 277688 267624 10064
71.20000000000023 2 3 0.0 0.0 470 453 17 277688 267624 10064
71.300000000000225 2 3 0.0 0.0 470 453 17 277688 267624 10064
71.400000000000219 2 3 0.0 0.0 470 453 17 277688 267624 10064
71.500000000000213 2 3 0.0 0.0 470 453 17 277688 267624 10064
71.600000000000207 2 3 0.0 0.0 470 453 17 277688 267624 10064
71.700000000000202 2 3 0.0 0.0 470 453 17 277688 267624 10064
71.800000000000196 2 3 75.04981333448967 0.12677333333528662 472 454 17 278872 268216 10064
71.90000000000019 2 3 592.0 1.0 479 461 17 283016 272360 10064
72.000000000000185 2 3 592.0 1.0 485 467 17 286568 275912 10064
72.100000000000179 2 3 592.0 1.0 491 473 17 290120 279464 10064
72.200000000000173 2 3 564.81535999956373 0.95407999999926307 497 480 17 293672 283608 10064
72.300000000000168 2 3 0.0 0.0 497 480 17 293672 283608 10064
72.400000000000162 2 3 0.0 0.0 497 480 17 293672 283608 10064
72.500000000000156 2 3 0.0 0.0 497 480 17 293672 283608 10064
72.600000000000151 2 3 0.0 0.0 497 480 17 293672 283608 10064
72.700000000000145 2 3 0.0 0.0 497 480 17 293672 283608 10064
72.800000000000139 2 3 0.0 0.0 497 480 17 293672 283608 10064
72.900000000000134 2 3 0.0 0.0 497 480 17 293672 283608 10064
73.000000000000128 2 3 0.0 0.0 497 480 17 293672 283608 10064
73.100000000000122 2 3 0.0 0.0 497 480 17 293672 283608 10064
73.200000000000117 2 3 0.0 0.0 497 480 17 293672 283608 10064
73.300000000000111 2 3 0.0 0.0 497 480 17 293672 283608 10064
73.400000000000105 2 3 0.0 0.0 497 480 17 293672 283608 10064
73.500000000000099 2 3 0.0 0.0 497 480 17 293672 283608 10064
73.600000000000094 2 3 0.0 0.0 497 480 17 293672 283608 10064
73.700000000000088 2 3 0.0 0.0 497 480 17 293672 283608 10064
73.800000000000082 2 3 0.0 0.0 497 480 17 293672 283608 10064
73.900000000000077 2 3 0.0 0.0 497 480 17 293672 283608 10064
74.000000000000071 2 3 0.0 0.0 497 480 17 293672 283608 10064
74.100000000000065 2 3 0.0 0.0 497 480 17 293672 283608 10064
74.20000000000006 2 3 398.99221333376994 0.67397333333407083 504 486 17 297816 287160 10064
74.300000000000054 2 3 592.0 1.0 510 492 17 301368 290712 10064
74.400000000000048 2 3 592.0 1.0 517 499 17 305512 294856 10064
74.500000000000043 2 3 592.0 1.0 523 505 17 309064 298408 10064
74.600000000000037 2 3 240.87296000028351 0.40688000000047891 525 508 17 310248 300184 10064
74.700000000000031 2 3 0.0 0.0 525 508 17 310248 300184 10064
74.800000000000026 2 3 0.0 0.0 525 508 17 310248 300184 10064
74.90000000000002 2 3 0.0 0.0 525 508 17 310248 300184 10064
75.000000000000014 2 3 0.0 0.0 525 508 17 310248 300184 10064
75.100000000000009 2 3 0.0 0.0 525 508 17 310248 300184 10064
75.200000000000003 2 3 0.0 0.0 525 508 17 310248 300184 10064
75.299999999999997 2 3 0.0 0.0 525 508 17 310248 300184 10064
75.399999999999991 2 3 0.0 0.0 525 508 17 310248 300184 10064
75.499999999999986 2 3 0.0 0.0 525 508 17 310248 300184 10064
75.59999999999998 2 3 0.0 0.0 525 508 17 310248 300184 10064
75.699999999999974 2 3 0.0 0.0 525 508 17 310248 300184 10064
75.799999999999969 2 3 0.0 0.0 525 508 17 310248 300184 10064
75.899999999999963 2 3 0.0 0.0 525 508 17 310248 300184 10064
75.999999999999957 2 3 0.0 0.0 525 508 17 310248 300184 10064
76.099999999999952 2 3 0.0 0.0 525 508 17 310248 300184 10064
76.199999999999946 2 3 0.0 0.0 525 508 17 310248 300184 10064
76.29999999999994 2 3 0.0 0.0 525 508 17 310248 300184 10064
76.399999999999935 2 3 0.0 0.0 525 508 17 310248 300184 10064
76.499999999999929 2 3 37.477546666354868 0.063306666666139974 530 512 17 313208 302552 10064
76.599999999999923 2 3 592.0 1.0 536 518 17 316760 306104 10064
76.699999999999918 2 3 592.0 1.0 543 525 17 320904 310248 10064
76.799999999999912 2 3 592.0 1.0 549 531 17 324456 313800 10064
76.899999999999906 2 3 508.93056000100324 0.85968000000169464 554 537 17 327416 317352 10064
76.999999999999901 2 3 0.0 0.0 554 537 17 327416 317352 10064
77.099999999999895 2 3 0.0 0.0 554 537 17 327416 317352 10064
77.199999999999889 2 3 0.0 0.0 554 537 17 327416 317352 10064
77.299999999999883 2 3 0.0 0.0 554 537 17 327416 317352 10064
77.399999999999878 2 3 0.0 0.0 554 537 17 327416 317352 10064
77.499999999999872 2 3 0.0 0.0 554 537 17 327416 317352 10064
77.599999999999866 2 3 0.0 0.0 554 537 17 327416 317352 10064
77.699999999999861 2 3 0.0 0.0 554 537 17 327416 317352 10064
77.799999999999855 2 3 0.0 0.0 554 537 17 327416 317352 10064
77.899999999999849 2 3 0.0 0.0 554 537 17 327416 317352 10064
77.999999999999844 2 3 0.0 0.0 554 537 17 327416 317352 10064
78.099999999999838 2 3 0.0 0.0 554 537 17 327416 317352 10064
78.199999999999832 2 3 0.0 0.0 554 537 17 327416 317352 10064
78.299999999999827 2 3 0.0 0.0 554 537 17 327416 317352 10064
78.399999999999821 2 3 0.0 0.0 554 537 17 327416 317352 10064
78.499999999999815 2 3 0.0 0.0 554 537 17 327416 317352 10064
78.59999999999981 2 3 0.0 0.0 554 537 17 327416 317352 10064
78.699999999999804 2 3 0.0 0.0 554 537 17 327416 317352 10064
78.799999999999798 2 3 0.0 0.0 556 539 17 328600 318536 10064
78.899999999999793 2 3 361.41994666563511 0.61050666666492426 564 546 17 333336 322680 10064
78.999999999999787 2 3 592.0 1.0 570 552 17 336888 326232 10064
79.099999999999781 2 3 592.0 1.0 576 558 17 340440 329784 10064
79.199999999999775 2 3 592.0 1.0 583 565 17 344584 333928 10064
79.29999999999977 2 3 184.98816000172297 0.31248000000291043 584 567 17 345176 335112 10064
79.399999999999764 2 3 0.0 0.0 584 567 17 345176 335112 10064
79.499999999999758 2 3 0.0 0.0 584 567 17 345176 335112 10064
79.599999999999753 2 3 0.0 0.0 584 567 17 345176 335112 10064
79.699999999999747 2 3 0.0 0.0 584 567 17 345176 335112 10064
79.799999999999741 2 3 0.0 0.0 584 567 17 345176 335112 10064
79.899999999999736 2 3 0.0 0.0 584 567 17 345176 335112 10064
79.99999999999973 2 3 0.0 0.0 584 567 17 345176 335112 10064
80.099999999999724 2 3 0.0 0.0 584 567 17 345176 335112 10064
80.199999999999719 2 3 0.0 0.0 584 567 17 345176 335112 10064
80.299999999999713 2 3 0.0 0.0 584 567 17 345176 335112 10064
80.399999999999707 2 3 0.0 0.0 584 567 17 345176 335112 10064
80.499999999999702 2 3 0.0 0.0 584 567 17 345176 335112 10064
80.599999999999696 2 3 0.0 0.0 584 567 17 345176 335112 10064
80.69999999999969 2 3 0.0 0.0 584 567 17 345176 335112 10064
80.799999999999685 2 3 0.0 0.0 584 567 17 345176 335112 10064
80.899999999999679 2 3 0.0 0.0 584 567 17 345176 335112 10064
80.999999999999673 2 3 0.0 0.0 584 567 17 345176 335112 10064
81.099999999999667 2 3 0.0 0.0 584 567 17 345176 335112 10064
81.199999999999662 2 3 0.0 0.0 591 574 17 349320 339256 10064
81.299999999999656 2 3 591.90527999822007 0.99983999999699336 598 580 17 353464 342808 10064
81.39999999999965 2 3 592.0 1.0 604 586 17 357016 346360 10064
81.499999999999645 2 3 592.0 1.0 611 593 17 361160 350504 10064
81.599999999999639 2 3 453.04576000244271 0.76528000000412622 615 598 17 363528 353464 10064
81.699999999999633 2 3 0.0 0.0 615 598 17 363528 353464 10064
81.799999999999628 2 3 0.0 0.0 615 598 17 363528 353464 10064
81.899999999999622 2 3 0.0 0.0 615 598 17 363528 353464 10064
81.999999999999616 2 3 0.0 0.0 615 598 17 363528 353464 10064
82.099999999999611 2 3 0.0 0.0 615 598 17 363528 353464 10064
82.199999999999605 2 3 0.0 0.0 615 598 17 363528 353464 10064
82.299999999999599 2 3 0.0 0.0 615 598 17 363528 353464 10064
82.399999999999594 2 3 0.0 0.0 615 598 17 363528 353464 10064
82.499999999999588 2 3 0.0 0.0 615 598 17 363528 353464 10064
82.599999999999582 2 3 0.0 0.0 615 598 17 363528 353464 10064
82.699999999999577 2 3 0.0 0.0 615 598 17 363528 353464 10064
82.799999999999571 2 3 0.0 0.0 615 598 17 363528 353464 10064
82.899999999999565 2 3 0.0 0.0 615 598 17 363528 353464 10064
82.999999999999559 2 3 0.0 0.0 615 598 17 363528 353464 10064
83.099999999999554 2 3 0.0 0.0 615 598 17 363528 353464 10064
83.199999999999548 2 3 0.0 0.0 615 598 17 363528 353464 10064
83.299999999999542 2 3 0.0 0.0 615 598 17 363528 353464 10064
83.399999999999537 2 3 0.0 0.0 615 598 17 363528 353464 10064
83.499999999999531 2 3 0.0 0.0 620 603 17 366488 356424 10064
83.599999999999525 2 3 323.84767999750034 0.54703999999577757 627 609 17 370632 359976 10064
83.69999999999952 2 3 592.0 1.0 633 615 17 374184 363528 10064
83.799999999999514 2 3 592.0 1.0 640 622 17 378328 367672 10064
83.899999999999508 2 3 592.0 1.0 646 628 17 381880 371224 10064
83.999999999999503 2 3 129.10336000316244 0.21808000000534197 647 630 17 382472 372408 10064
84.099999999999497 2 3 0.0 0.0 647 630 17 382472 372408 10064
84.199999999999491 2 3 0.0 0.0 647 630 17 382472 372408 10064
84.299999999999486 2 3 0.0 0.0 647 630 17 382472 372408 10064
84.39999999999948 2 3 0.0 0.0 647 630 17 382472 372408 10064
84.499999999999474 2 3 0.0 0.0 647 630 17 382472 372408 10064
84.599999999999469 2 3 0.0 0.0 647 630 17 382472 372408 10064
84.699999999999463 2 3 0.0 0.0 647 630 17 382472 372408 10064
84.799999999999457 2 3 0.0 0.0 647 630 17 382472 372408 10064
84.899999999999451 2 3 0.0 0.0 647 630 17 382472 372408 10064
84.999999999999446 2 3 0.0 0.0 647 630 17 382472 372408 10064
85.09999999999944 2 3 0.0 0.0 647 630 17 382472 372408 10064
85.199999999999434 2 3 0.0 0.0 647 630 17 382472 372408 10064
85.299999999999429 2 3 0.0 0.0 647 630 17 382472 372408 10064
85.399999999999423 2 3 0.0 0.0 647 630 17 382472 372408 10064
85.499999999999417 2 3 0.0 0.0 647 630 17 382472 372408 10064
85.599999999999412 2 3 0.0 0.0 647 630 17 382472 372408 10064
85.699999999999406 2 3 0.0 0.0 647 630 17 382472 372408 10064
85.7999999999994 2 3 0.0 0.0 650 633 17 384248 374184 10064
85.899999999999395 2 3 55.790079996780591 0.094239999994561813 657 639 17 388392 377736 10064
85.999999999999389 2 3 592.0 1.0 664 646 17 392536 381880 10064
86.099999999999383 2 3 592.0 1.0 670 652 17 396088 385432 10064
86.199999999999378 2 3 592.0 1.0 676 658 17 399640 388984 10064
86.299999999999372 2 3 397.16096000388217 0.67088000000655768 680 663 17 402008 391944 10064
86.399999999999366 2 3 0.0 0.0 680 663 17 402008 391944 10064
86.499999999999361 2 3 0.0 0.0 680 663 17 402008 391944 10064
86.599999999999355 2 3 0.0 0.0 680 663 17 402008 391944 10064
86.699999999999349 2 3 0.0 0.0 680 663 17 402008 391944 10064
86.799999999999343 2 3 0.0 0.0 680 663 17 402008 391944 10064
86.899999999999338 2 3 0.0 0.0 680 663 17 402008 391944 10064
86.999999999999332 2 3 0.0 0.0 680 663 17 402008 391944 10064
87.099999999999326 2 3 0.0 0.0 680 663 17 402008 391944 10064
87.199999999999321 2 3 0.0 0.0 680 663 17 402008 391944 10064
87.299999999999315 2 3 0.0 0.0 680 663 17 402008 391944 10064
87.399999999999309 2 3 0.0 0.0 680 663 17 402008 391944 10064
87.499999999999304 2 3 0.0 0.0 680 663 17 402008 391944 10064
87.599999999999298 2 3 0.0 0.0 680 663 17 402008 391944 10064
87.699999999999292 2 3 0.0 0.0 680 663 17 402008 391944 10064
87.799999999999287 2 3 0.0 0.0 680 663 17 402008 391944 10064
87.899999999999281 2 3 0.0 0.0 680 663 17 402008 391944 10064
87.999999999999275 2 3 0.0 0.0 680 663 17 402008 391944 10064
88.09999999999927 2 3 0.0 0.0 681 664 17 402600 392536 10064
88.199999999999264 2 3 0.0 0.0 687 670 17 406152 396088 10064
88.299999999999258 2 3 286.27541332936551 0.48357333332663094 695 677 17 410888 400232 10064
88.399999999999253 2 3 592.0 1.0 701 683 17 414440 403784 10064
88.499999999999247 2 3 592.0 1.0 707 689 17 417992 407336 10064
88.599999999999241 2 3 592.0 1.0 714 696 17 422136 411480 10064
88.699999999999235 2 3 73.218560004601912 0.1236800000077735 714 697 17 422136 412072 10064
88.79999999999923 2 3 0.0 0.0 714 697 17 422136 412072 10064
88.899999999999224 2 3 0.0 0.0 714 697 17 422136 412072 10064
88.999999999999218 2 3 0.0 0.0 714 697 17 422136 412072 10064
89.099999999999213 2 3 0.0 0.0 714 697 17 422136 412072 10064
89.199999999999207 2 3 0.0 0.0 714 697 17 422136 412072 10064
89.299999999999201 2 3 0.0 0.0 714 697 17 422136 412072 10064
89.399999999999196 2 3 0.0 0.0 714 697 17 422136 412072 10064
89.49999999999919 2 3 0.0 0.0 714 697 17 422136 412072 10064
89.599999999999184 2 3 0.0 0.0 714 697 17 422136 412072 10064
89.699999999999179 2 3 0.0 0.0 714 697 17 422136 412072 10064
89.799999999999173 2 3 0.0 0.0 714 697 17 422136 412072 10064
89.899999999999167 2 3 0.0 0.0 714 697 17 422136 412072 10064
89.999999999999162 2 3 0.0 0.0 714 697 17 422136 412072 10064
90.099999999999156 2 3 0.0 0.0 714 697 17 422136 412072 10064
90.19999999999915 2 3 0.0 0.0 714 697 17 422136 412072 10064
90.299999999999145 2 3 0.0 0.0 714 697 17 422136 412072 10064
90.399999999999139 2 3 0.0 0.0 714 697 17 422136 412072 10064
90.499999999999133 2 3 0.0 0.0 720 703 17 425688 415624 10064
90.599999999999127 2 3 18.217813328645786 0.030773333325415181 727 709 17 429832 419176 10064
90.699999999999122 2 3 592.0 1.0 733 715 17 433384 422728 10064
90.799999999999116 2 3 592.0 1.0 740 722 17 437528 426872 10064
90.89999999999911 2 3 592.0 1.0 746 728 17 441080 430424 10064
90.999999999999105 2 3 341.27616000532163 0.57648000000898925 749 732 17 442856 432792 10064
91.099999999999099 2 3 0.0 0.0 749 732 17 442856 432792 10064
91.199999999999093 2 3 0.0 0.0 749 732 17 442856 432792 10064
91.299999999999088 2 3 0.0 0.0 749 732 17 442856 432792 10064
91.399999999999082 2 3 0.0 0.0 749 732 17 442856 432792 10064
91.499999999999076 2 3 0.0 0.0 749 732 17 442856 432792 10064
91.599999999999071 2 3 0.0 0.0 749 732 17 442856 432792 10064
91.699999999999065 2 3 0.0 0.0 749 732 17 442856 432792 10064
91.799999999999059 2 3 0.0 0.0 749 732 17 442856 432792 10064
91.899999999999054 2 3 0.0 0.0 749 732 17 442856 432792 10064
91.999999999999048 2 3 0.0 0.0 749 732 17 442856 432792 10064
92.099999999999042 2 3 0.0 0.0 749 732 17 442856 432792 10064
92.199999999999037 2 3 0.0 0.0 749 732 17 442856 432792 10064
92.299999999999031 2 3 0.0 0.0 749 732 17 442856 432792 10064
92.399999999999025 2 3 0.0 0.0 749 732 17 442856 432792 10064
92.499999999999019 2 3 0.0 0.0 749 732 17 442856 432792 10064
92.599999999999014 2 3 0.0 0.0 749 732 17 442856 432792 10064
92.699999999999008 2 3 0.0 0.0 749 732 17 442856 432792 10064
92.799999999999002 2 3 0.0 0.0 753 736 17 445224 435160 10064
92.899999999998997 2 3 0.0 0.0 759 742 17 448776 438712 10064
92.999999999998991 2 3 248.7031466612307 0.42010666665748431 766 748 17 452920 442264 10064
93.099999999998985 2 3 592.0 1.0 773 755 17 457064 446408 10064
93.19999999999898 2 3 592.0 1.0 779 761 17 460616 449960 10064
93.299999999998974 2 3 592.0 1.0 785 767 17 464168 453512 10064
93.399999999998968 2 3 17.333760006041377 0.029280000010205032 785 768 17 464168 454104 10064
93.499999999998963 2 3 0.0 0.0 785 768 17 464168 454104 10064
93.599999999998957 2 3 0.0 0.0 785 768 17 464168 454104 10064
93.699999999998951 2 3 0.0 0.0 785 768 17 464168 454104 10064
93.799999999998946 2 3 0.0 0.0 785 768 17 464168 454104 10064
93.89999999999894 2 3 0.0 0.0 785 768 17 464168 454104 10064
93.999999999998934 2 3 0.0 0.0 785 768 17 464168 454104 10064
94.099999999998929 2 3 0.0 0.0 785 768 17 464168 454104 10064
94.199999999998923 2 3 0.0 0.0 785 768 17 464168 454104 10064
94.299999999998917 2 3 0.0 0.0 785 768 17 464168 454104 10064
94.399999999998911 2 3 0.0 0.0 785 768 17 464168 454104 10064
94.499999999998906 2 3 0.0 0.0 785 768 17 464168 454104 10064
94.5999999999989 2 3 0.0 0.0 785 768 17 464168 454104 10064
94.699999999998894 2 3 0.0 0.0 785 768 17 464168 454104 10064
94.799999999998889 2 3 0.0 0.0 785 768 17 464168 454104 10064
94.899999999998883 2 3 0.0 0.0 785 768 17 464168 454104 10064
94.999999999998877 2 3 0.0 0.0 785 768 17 464168 454104 10064
95.099999999998872 2 3 0.0 0.0 787 770 17 465352 455288 10064
95.199999999998866 2 3 0.0 0.0 793 776 17 468904 458840 10064
95.29999999999886 2 3 0.0 0.0 799 782 17 472456 462392 10064
95.399999999998855 2 3 572.64554666051095 0.96730666665626852 807 789 17 477192 466536 10064
95.499999999998849 2 3 592.0 1.0 813 795 17 480744 470088 10064
95.599999999998843 2 3 592.0 1.0 819 801 17 484296 473640 10064
95.699999999998838 2 3 285.39136000676109 0.48208000001142082 822 805 17 486072 476008 10064
95.799999999998832 2 3 0.0 0.0 822 805 17 486072 476008 10064
95.899999999998826 2 3 0.0 0.0 822 805 17 486072 476008 10064
95.99999999999882 2 3 0.0 0.0 822 805 17 486072 476008 10064
96.099999999998815 2 3 0.0 0.0 822 805 17 486072 476008 10064
96.199999999998809 2 3 0.0 0.0 822 805 17 486072 476008 10064
96.299999999998803 2 3 0.0 0.0 822 805 17 486072 476008 10064
96.399999999998798 2 3 0.0 0.0 822 805 17 486072 476008 10064
96.499999999998792 2 3 0.0 0.0 822 805 17 486072 476008 10064
96.599999999998786 2 3 0.0 0.0 822 805 17 486072 476008 10064
96.699999999998781 2 3 0.0 0.0 822 805 17 486072 476008 10064
96.799999999998775 2 3 0.0 0.0 822 805 17 486072 476008 10064
96.899999999998769 2 3 0.0 0.0 822 805 17 486072 476008 10064
96.999999999998764 2 3 0.0 0.0 822 805 17 486072 476008 10064
97.099999999998758 2 3 0.0 0.0 822 805 17 486072 476008 10064
97.199999999998752 2 3 0.0 0.0 822 805 17 486072 476008 10064
97.299999999998747 2 3 0.0 0.0 822 805 17 486072 476008 10064
97.399999999998741 2 3 0.0 0.0 822 805 17 486072 476008 10064
97.499999999998735 2 3 0.0 0.0 828 811 17 489624 479560 10064
97.59999999999873 2 3 0.0 0.0 835 818 17 493768 483704 10064
97.699999999998724 2 3 211.1308799930959 0.35663999998833767 842 824 17 497912 487256 10064
97.799999999998718 2 3 592.0 1.0 848 830 17 501464 490808 10064
97.899999999998712 2 3 592.0 1.0 855 837 17 505608 494952 10064
97.999999999998707 2 3 553.44896000748088 0.9348800000126366 860 843 17 508568 498504 10064
98.099999999998701 2 3 0.0 0.0 860 843 17 508568 498504 10064
98.199999999998695 2 3 0.0 0.0 860 843 17 508568 498504 10064
98.29999999999869 2 3 0.0 0.0 860 843 17 508568 498504 10064
98.399999999998684 2 3 0.0 0.0 860 843 17 508568 498504 10064
98.499999999998678 2 3 0.0 0.0 860 843 17 508568 498504 10064
98.599999999998673 2 3 0.0 0.0 860 843 17 508568 498504 10064
98.699999999998667 2 3 0.0 0.0 860 843 17 508568 498504 10064
98.799999999998661 2 3 0.0 0.0 860 843 17 508568 498504 10064
98.899999999998656 2 3 0.0 0.0 860 843 17 508568 498504 10064
98.99999999999865 2 3 0.0 0.0 860 843 17 508568 498504 10064
99.099999999998644 2 3 0.0 0.0 860 843 17 508568 498504 10064
99.199999999998639 2 3 0.0 0.0 860 843 17 508568 498504 10064
99.299999999998633 2 3 0.0 0.0 860 843 17 508568 498504 10064
99.399999999998627 2 3 0.0 0.0 860 843 17 508568 498504 10064
99.499999999998622 2 3 0.0 0.0 860 843 17 508568 498504 10064
99.599999999998616 2 3 0.0 0.0 860 843 17 508568 498504 10064
99.69999999999861 2 3 0.0 0.0 860 843 17 508568 498504 10064
99.799999999998604 2 3 0.0 0.0 864 847 17 510936 500872 10064
99.899999999998599 2 3 0.0 0.0 871 854 17 515080 505016 10064
99.999999999998593 2 3 0.0 0.0 877 860 17 518632 508568 10064
100.09999999999859 2 3 79.438506666670008 0.13418666666667231 879 862 17 519816 509752 10064
100.19999999999858 2 3 0.0 0.0 879 862 17 519816 509752 10064
100.29999999999858 2 3 0.0 0.0 879 862 17 519816 509752 10064
100.39999999999857 2 3 0.0 0.0 879 862 17 519816 509752 10064
100.49999999999856 2 3 0.0 0.0 879 862 17 519816 509752 10064
100.59999999999856 2 3 0.0 0.0 879 862 17 519816 509752 10064
100.69999999999855 2 3 0.0 0.0 879 862 17 519816 509752 10064
100.79999999999855 2 3 0.0 0.0 879 862 17 519816 509752 10064
100.89999999999854 2 3 0.0 0.0 879 862 17 519816 509752 10064
100.99999999999854 2 3 0.0 0.0 879 862 17 519816 509752 10064
101.09999999999853 2 3 0.0 0.0 879 862 17 519816 509752 10064
101.19999999999852 2 3 0.0 0.0 879 862 17 519816 509752 10064
101.29999999999852 2 3 0.0 0.0 879 862 17 519816 509752 10064
101.39999999999851 2 3 0.0 0.0 879 862 17 519816 509752 10064
101.49999999999851 2 3 0.0 0.0 879 862 17 519816 509752 10064
101.5999999999985 2 3 0.0 0.0 879 862 17 519816 509752 10064
101.6999999999985 2 3 0.0 0.0 879 862 17 519816 509752 10064
101.79999999999849 2 3 0.0 0.0 879 862 17 519816 509752 10064
101.89999999999849 2 3 0.0 0.0 879 862 17 519816 509752 10064
101.99999999999848 2 3 0.0 0.0 879 862 17 519816 509752 10064
102.09999999999847 2 3 0.0 0.0 879 862 17 519816 509752 10064
102.19999999999847 2 3 0.0 0.0 879 862 17 519816 509752 10064
102.29999999999846 2 3 0.0 0.0 879 862 17 519816 509752 10064
102.39999999999846 2 3 0.0 0.0 879 862 17 519816 509752 10064
102.49999999999845 2 3 0.0 0.0 879 862 17 519816 509752 10064
102.59999999999845 2 3 0.0 0.0 879 862 17 519816 509752 10064
102.69999999999844 2 3 0.0 0.0 879 862 17 519816 509752 10064
102.79999999999843 2 3 0.0 0.0 879 862 17 519816 509752 10064
102.89999999999843 2 3 0.0 0.0 879 862 17 519816 509752 10064
102.99999999999842 2 3 0.0 0.0 879 862 17 519816 509752 10064
103.09999999999842 2 3 0.0 0.0 879 862 17 519816 509752 10064
103.19999999999841 2 3 0.0 0.0 879 862 17 519816 509752 10064
103.29999999999841 2 3 0.0 0.0 879 862 17 519816 509752 10064
103.3999999999984 2 3 0.0 0.0 879 862 17 519816 509752 10064
103.49999999999839 2 3 0.0 0.0 879 862 17 519816 509752 10064
103.59999999999839 2 3 0.0 0.0 879 862 17 519816 509752 10064
103.69999999999838 2 3 0.0 0.0 879 862 17 519816 509752 10064
103.79999999999838 2 3 0.0 0.0 879 862 17 519816 509752 10064
103.89999999999837 2 3 0.0 0.0 879 862 17 519816 509752 10064
103.99999999999837 2 3 0.0 0.0 879 862 17 519816 509752 10064
104.09999999999836 2 3 0.0 0.0 879 862 17 519816 509752 10064
104.19999999999835 2 3 0.0 0.0 879 862 17 519816 509752 10064
104.29999999999835 2 3 0.0 0.0 879 862 17 519816 509752 10064
104.39999999999834 2 3 0.0 0.0 879 862 17 519816 509752 10064
104.49999999999834 2 3 0.0 0.0 879 862 17 519816 509752 10064
104.59999999999833 2 3 0.0 0.0 879 862 17 519816 509752 10064
104.69999999999833 2 3 0.0 0.0 879 862 17 519816 509752 10064
104.79999999999832 2 3 0.0 0.0 879 862 17 519816 509752 10064
104.89999999999831 2 3 0.0 0.0 879 862 17 519816 509752 10064
104.99999999999831 2 3 0.0 0.0 879 862 17 519816 509752 10064
105.0999999999983 2 3 0.0 0.0 879 862 17 519816 509752 10064
105.1999999999983 2 3 0.0 0.0 879 862 17 519816 509752 10064
105.29999999999829 2 3 0.0 0.0 879 862 17 519816 509752 10064
105.39999999999829 2 3 0.0 0.0 879 862 17 519816 509752 10064
105.49999999999828 2 3 0.0 0.0 879 862 17 519816 509752 10064
105.59999999999827 2 3 0.0 0.0 879 862 17 519816 509752 10064
105.69999999999827 2 3 0.0 0.0 879 862 17 519816 509752 10064
105.79999999999826 2 3 0.0 0.0 879 862 17 519816 509752 10064
105.89999999999826 2 3 0.0 0.0 879 862 17 519816 509752 10064
105.99999999999825 2 3 0.0 0.0 879 862 17 519816 509752 10064
106.09999999999825 2 3 0.0 0.0 879 862 17 519816 509752 10064
106.19999999999824 2 3 0.0 0.0 879 862 17 519816 509752 10064
106.29999999999824 2 3 0.0 0.0 879 862 17 519816 509752 10064
106.39999999999823 2 3 0.0 0.0 879 862 17 519816 509752 10064
106.49999999999822 2 3 0.0 0.0 879 862 17 519816 509752 10064
106.59999999999822 2 3 0.0 0.0 879 862 17 519816 509752 10064
106.69999999999821 2 3 0.0 0.0 879 862 17 519816 509752 10064
106.79999999999821 2 3 0.0 0.0 879 862 17 519816 509752 10064
106.8999999999982 2 3 0.0 0.0 879 862 17 519816 509752 10064
106.9999999999982 2 3 0.0 0.0 879 862 17 519816 509752 10064
107.09999999999819 2 3 0.0 0.0 879 862 17 519816 509752 10064
107.19999999999818 2 3 0.0 0.0 879 862 17 519816 509752 10064
107.29999999999818 2 3 0.0 0.0 879 862 17 519816 509752 10064
107.39999999999817 2 3 0.0 0.0 879 862 17 519816 509752 10064
107.49999999999817 2 3 0.0 0.0 879 862 17 519816 509752 10064
107.59999999999816 2 3 0.0 0.0 879 862 17 519816 509752 10064
107.69999999999816 2 3 0.0 0.0 879 862 17 519816 509752 10064
107.79999999999815 2 3 0.0 0.0 879 862 17 519816 509752 10064
107.89999999999814 2 3 0.0 0.0 879 862 17 519816 509752 10064
107.99999999999814 2 3 0.0 0.0 879 862 17 519816 509752 10064
108.09999999999813 2 3 0.0 0.0 879 862 17 519816 509752 10064
108.19999999999813 2 3 0.0 0.0 879 862 17 519816 509752 10064
108.29999999999812 2 3 0.0 0.0 879 862 17 519816 509752 10064
108.39999999999812 2 3 0.0 0.0 879 862 17 519816 509752 10064
108.49999999999811 2 3 0.0 0.0 879 862 17 519816 509752 10064
108.5999999999981 2 3 0.0 0.0 879 862 17 519816 509752 10064
108.6999999999981 2 3 0.0 0.0 879 862 17 519816 509752 10064
108.79999999999809 2 3 0.0 0.0 879 862 17 519816 509752 10064
108.89999999999809 2 3 0.0 0.0 879 862 17 519816 509752 10064
108.99999999999808 2 3 0.0 0.0 879 862 17 519816 509752 10064
109.09999999999808 2 3 0.0 0.0 879 862 17 519816 509752 10064
109.19999999999807 2 3 0.0 0.0 879 862 17 519816 509752 10064
109.29999999999806 2 3 0.0 0.0 879 862 17 519816 509752 10064
109.39999999999806 2 3 0.0 0.0 879 862 17 519816 509752 10064
109.49999999999805 2 3 0.0 0.0 879 862 17 519816 509752 10064
109.59999999999805 2 3 0.0 0.0 879 862 17 519816 509752 10064
109.69999999999804 2 3 0.0 0.0 879 862 17 519816 509752 10064
109.79999999999804 2 3 0.0 0.0 879 862 17 519816 509752 10064
109.89999999999803 2 3 0.0 0.0 879 862 17 519816 509752 10064
109.99999999999802 2 3 0.0 0.0 879 862 17 519816 509752 10064
110.09999999999802 2 3 0.0 0.0 879 862 17 519816 509752 10064
110.19999999999801 2 3 0.0 0.0 879 862 17 519816 509752 10064
110.29999999999801 2 3 0.0 0.0 879 862 17 519816 509752 10064
110.399999999998 2 3 0.0 0.0 879 862 17 519816 509752 10064
110.499999999998 2 3 0.0 0.0 879 862 17 519816 509752 10064
110.59999999999799 2 3 0.0 0.0 879 862 17 519816 509752 10064
110.69999999999798 2 3 0.0 0.0 879 862 17 519816 509752 10064
110.79999999999798 2 3 0.0 0.0 879 862 17 519816 509752 10064
110.89999999999797 2 3 0.0 0.0 879 862 17 519816 509752 10064
110.99999999999797 2 3 0.0 0.0 879 862 17 519816 509752 10064
111.09999999999796 2 3 0.0 0.0 879 862 17 519816 509752 10064
111.19999999999796 2 3 0.0 0.0 879 862 17 519816 509752 10064
111.29999999999795 2 3 0.0 0.0 879 862 17 519816 509752 10064
111.39999999999795 2 3 0.0 0.0 879 862 17 519816 509752 10064
111.49999999999794 2 3 0.0 0.0 879 862 17 519816 509752 10064
111.59999999999793 2 3 0.0 0.0 879 862 17 519816 509752 10064
111.69999999999793 2 3 0.0 0.0 879 862 17 519816 509752 10064
111.79999999999792 2 3 0.0 0.0 879 862 17 519816 509752 10064
111.89999999999792 2 3 0.0 0.0 879 862 17 519816 509752 10064
111.99999999999791 2 3 0.0 0.0 879 862 17 519816 509752 10064
112.09999999999791 2 3 0.0 0.0 879 862 17 519816 509752 10064
112.1999999999979 2 3 0.0 0.0 879 862 17 519816 509752 10064
112.29999999999789 2 3 0.0 0.0 879 862 17 519816 509752 10064
112.39999999999789 2 3 0.0 0.0 879 862 17 519816 509752 10064
112.49999999999788 2 3 0.0 0.0 879 862 17 519816 509752 10064
112.59999999999788 2 3 0.0 0.0 879 862 17 519816 509752 10064
112.69999999999787 2 3 0.0 0.0 879 862 17 519816 509752 10064
112.79999999999787 2 3 0.0 0.0 879 862 17 519816 509752 10064
112.89999999999786 2 3 0.0 0.0 879 862 17 519816 509752 10064
112.99999999999785 2 3 0.0 0.0 879 862 17 519816 509752 10064
113.09999999999785 2 3 0.0 0.0 879 862 17 519816 509752 10064
113.19999999999784 2 3 0.0 0.0 879 862 17 519816 509752 10064
113.29999999999784 2 3 0.0 0.0 879 862 17 519816 509752 10064
113.39999999999783 2 3 0.0 0.0 879 862 17 519816 509752 10064
113.49999999999783 2 3 0.0 0.0 879 862 17 519816 509752 10064
113.59999999999782 2 3 0.0 0.0 879 862 17 519816 509752 10064
113.69999999999781 2 3 0.0 0.0 879 862 17 519816 509752 10064
113.79999999999781 2 3 0.0 0.0 879 862 17 519816 509752 10064
113.8999999999978 2 3 0.0 0.0 879 862 17 519816 509752 10064
113.9999999999978 2 3 0.0 0.0 879 862 17 519816 509752 10064
114.09999999999779 2 3 0.0 0.0 879 862 17 519816 509752 10064
114.19999999999779 2 3 0.0 0.0 879 862 17 519816 509752 10064
114.29999999999778 2 3 0.0 0.0 879 862 17 519816 509752 10064
114.39999999999777 2 3 0.0 0.0 879 862 17 519816 509752 10064
114.49999999999777 2 3 0.0 0.0 879 862 17 519816 509752 10064
114.59999999999776 2 3 0.0 0.0 879 862 17 519816 509752 10064
114.69999999999776 2 3 0.0 0.0 879 862 17 519816 509752 10064
114.79999999999775 2 3 0.0 0.0 879 862 17 519816 509752 10064
114.89999999999775 2 3 0.0 0.0 879 862 17 519816 509752 10064
114.99999999999774 2 3 0.0 0.0 879 862 17 519816 509752 10064
115.09999999999773 2 3 0.0 0.0 879 862 17 519816 509752 10064
115.19999999999773 2 3 0.0 0.0 879 862 17 519816 509752 10064
115.29999999999772 2 3 0.0 0.0 879 862 17 519816 509752 10064
115.39999999999772 2 3 0.0 0.0 879 862 17 519816 509752 10064
115.49999999999771 2 3 0.0 0.0 879 862 17 519816 509752 10064
115.59999999999771 2 3 0.0 0.0 879 862 17 519816 509752 10064
115.6999999999977 2 3 0.0 0.0 879 862 17 519816 509752 10064
115.79999999999769 2 3 0.0 0.0 879 862 17 519816 509752 10064
115.89999999999769 2 3 0.0 0.0 879 862 17 519816 509752 10064
115.99999999999768 2 3 0.0 0.0 879 862 17 519816 509752 10064
116.09999999999768 2 3 0.0 0.0 879 862 17 519816 509752 10064
116.19999999999767 2 3 0.0 0.0 879 862 17 519816 509752 10064
116.29999999999767 2 3 0.0 0.0 879 862 17 519816 509752 10064
116.39999999999766 2 3 0.0 0.0 879 862 17 519816 509752 10064
116.49999999999766 2 3 0.0 0.0 879 862 17 519816 509752 10064
116.59999999999765 2 3 0.0 0.0 879 862 17 519816 509752 10064
116.69999999999764 2 3 0.0 0.0 879 862 17 519816 509752 10064
116.79999999999764 2 3 0.0 0.0 879 862 17 519816 509752 10064
116.89999999999763 2 3 0.0 0.0 879 862 17 519816 509752 10064
116.99999999999763 2 3 0.0 0.0 879 862 17 519816 509752 10064
117.09999999999762 2 3 0.0 0.0 879 862 17 519816 509752 10064
117.19999999999762 2 3 0.0 0.0 879 862 17 519816 509752 10064
117.29999999999761 2 3 0.0 0.0 879 862 17 519816 509752 10064
117.3999999999976 2 3 0.0 0.0 879 862 17 519816 509752 10064
117.4999999999976 2 3 0.0 0.0 879 862 17 519816 509752 10064
117.59999999999759 2 3 0.0 0.0 879 862 17 519816 509752 10064
117.69999999999759 2 3 0.0 0.0 879 862 17 519816 509752 10064
117.79999999999758 2 3 0.0 0.0 879 862 17 519816 509752 10064
117.89999999999758 2 3 0.0 0.0 879 862 17 519816 509752 10064
117.99999999999757 2 3 0.0 0.0 879 862 17 519816 509752 10064
118.09999999999756 2 3 0.0 0.0 879 862 17 519816 509752 10064
118.19999999999756 2 3 0.0 0.0 879 862 17 519816 509752 10064
118.29999999999755 2 3 0.0 0.0 879 862 17 519816 509752 10064
118.39999999999755 2 3 0.0 0.0 879 862 17 519816 509752 10064
118.49999999999754 2 3 0.0 0.0 879 862 17 519816 509752 10064
118.59999999999754 2 3 0.0 0.0 879 862 17 519816 509752 10064
118.69999999999753 2 3 0.0 0.0 879 862 17 519816 509752 10064
118.79999999999752 2 3 0.0 0.0 879 862 17 519816 509752 10064
118.89999999999752 2 3 0.0 0.0 879 862 17 519816 509752 10064
118.99999999999751 2 3 0.0 0.0 879 862 17 519816 509752 10064
119.09999999999751 2 3 0.0 0.0 879 862 17 519816 509752 10064
119.1999999999975 2 3 0.0 0.0 879 862 17 519816 509752 10064
119.2999999999975 2 3 0.0 0.0 879 862 17 519816 509752 10064
119.39999999999749 2 3 0.0 0.0 879 862 17 519816 509752 10064
119.49999999999748 2 3 0.0 0.0 879 862 17 519816 509752 10064
119.59999999999748 2 3 0.0 0.0 879 862 17 519816 509752 10064
119.69999999999747 2 3 0.0 0.0 879 862 17 519816 509752 10064
119.79999999999747 2 3 0.0 0.0 879 862 17 519816 509752 10064
119.89999999999746 2 3 0.0 0.0 879 862 17 519816 509752 10064
119.99999999999746 2 3 0.0 0.0 879 862 17 519816 509752 10064
120.09999999999745 2 3 0.0 0.0 879 862 17 519816 509752 10064
120.19999999999744 2 3 0.0 0.0 879 862 17 519816 509752 10064
120.29999999999744 2 3 0.0 0.0 879 862 17 519816 509752 10064
120.39999999999743 2 3 0.0 0.0 879 862 17 519816 509752 10064
120.49999999999743 2 3 0.0 0.0 879 862 17 519816 509752 10064
120.59999999999742 2 3 0.0 0.0 879 862 17 519816 509752 10064
120.69999999999742 2 3 0.0 0.0 879 862 17 519816 509752 10064
120.79999999999741 2 3 0.0 0.0 879 862 17 519816 509752 10064
120.89999999999741 2 3 0.0 0.0 879 862 17 519816 509752 10064
120.9999999999974 2 3 0.0 0.0 879 862 17 519816 509752 10064
121.09999999999739 2 3 0.0 0.0 879 862 17 519816 509752 10064
121.19999999999739 2 3 0.0 0.0 879 862 17 519816 509752 10064
121.29999999999738 2 3 0.0 0.0 879 862 17 519816 509752 10064
121.39999999999738 2 3 0.0 0.0 879 862 17 519816 509752 10064
121.49999999999737 2 3 0.0 0.0 879 862 17 519816 509752 10064
121.59999999999737 2 3 0.0 0.0 879 862 17 519816 509752 10064
121.69999999999736 2 3 0.0 0.0 879 862 17 519816 509752 10064
121.79999999999735 2 3 0.0 0.0 879 862 17 519816 509752 10064
121.89999999999735 2 3 0.0 0.0 879 862 17 519816 509752 10064
121.99999999999734 2 3 0.0 0.0 879 862 17 519816 509752 10064
122.09999999999734 2 3 0.0 0.0 879 862 17 519816 509752 10064
122.19999999999733 2 3 0.0 0.0 879 862 17 519816 509752 10064
122.29999999999733 2 3 0.0 0.0 879 862 17 519816 509752 10064
122.39999999999732 2 3 0.0 0.0 879 862 17 519816 509752 10064
122.49999999999731 2 3 0.0 0.0 879 862 17 519816 509752 10064
122.59999999999731 2 3 0.0 0.0 879 862 17 519816 509752 10064
122.6999999999973 2 3 0.0 0.0 879 862 17 519816 509752 10064
122.7999999999973 2 3 0.0 0.0 879 862 17 519816 509752 10064
122.89999999999729 2 3 0.0 0.0 879 862 17 519816 509752 10064
122.99999999999729 2 3 0.0 0.0 879 862 17 519816 509752 10064
123.09999999999728 2 3 0.0 0.0 879 862 17 519816 509752 10064
123.19999999999727 2 3 0.0 0.0 879 862 17 519816 509752 10064
123.29999999999727 2 3 0.0 0.0 879 862 17 519816 509752 10064
123.39999999999726 2 3 0.0 0.0 879 862 17 519816 509752 10064
123.49999999999726 2 3 0.0 0.0 879 862 17 519816 509752 10064
123.59999999999725 2 3 0.0 0.0 879 862 17 519816 509752 10064
123.69999999999725 2 3 0.0 0.0 879 862 17 519816 509752 10064
123.79999999999724 2 3 0.0 0.0 879 862 17 519816 509752 10064
123.89999999999723 2 3 0.0 0.0 879 862 17 519816 509752 10064
123.99999999999723 2 3 0.0 0.0 879 862 17 519816 509752 10064
124.09999999999722 2 3 0.0 0.0 879 862 17 519816 509752 10064
124.19999999999722 2 3 0.0 0.0 879 862 17 519816 509752 10064
124.29999999999721 2 3 0.0 0.0 879 862 17 519816 509752 10064
124.39999999999721 2 3 0.0 0.0 879 862 17 519816 509752 10064
124.4999999999972 2 3 0.0 0.0 879 862 17 519816 509752 10064
124.59999999999719 2 3 0.0 0.0 879 862 17 519816 509752 10064
124.69999999999719 2 3 0.0 0.0 879 862 17 519816 509752 10064
124.79999999999718 2 3 0.0 0.0 879 862 17 519816 509752 10064
124.89999999999718 2 3 0.0 0.0 879 862 17 519816 509752 10064
124.99999999999717 2 3 0.0 0.0 879 862 17 519816 509752 10064
